#
# There is insufficient memory for the Java Runtime Environment to continue.
# Native memory allocation (mmap) failed to map 60817408 bytes for G1 virtual space
# Possible reasons:
#   The system is out of physical RAM or swap space
#   The process is running with CompressedOops enabled, and the Java Heap may be blocking the growth of the native heap
# Possible solutions:
#   Reduce memory load on the system
#   Increase physical memory or swap space
#   Check if swap backing store is full
#   Decrease Java heap size (-Xmx/-Xms)
#   Decrease number of Java threads
#   Decrease Java thread stack sizes (-Xss)
#   Set larger code cache with -XX:ReservedCodeCacheSize=
#   JVM is running with Unscaled Compressed Oops mode in which the Java heap is
#     placed in the first 4GB address space. The Java Heap base address is the
#     maximum limit for the native heap growth. Please use -XX:HeapBaseMinAddress
#     to set the Java Heap base and to place the Java Heap above 4GB virtual address.
# This output file may be truncated or incomplete.
#
#  Out of Memory Error (os_windows.cpp:3469), pid=10564, tid=15400
#
# JRE version: Java(TM) SE Runtime Environment (17.0.1+12) (build 17.0.1+12-LTS-39)
# Java VM: Java HotSpot(TM) 64-Bit Server VM (17.0.1+12-LTS-39, mixed mode, sharing, tiered, compressed oops, compressed class ptrs, g1 gc, windows-amd64)
# No core dump will be written. Minidumps are not enabled by default on client versions of Windows
#

---------------  S U M M A R Y ------------

Command Line: -XX:MaxMetaspaceSize=512m --add-opens=java.base/java.util=ALL-UNNAMED --add-opens=java.base/java.lang=ALL-UNNAMED --add-opens=java.base/java.lang.invoke=ALL-UNNAMED --add-opens=java.prefs/java.util.prefs=ALL-UNNAMED --add-exports=jdk.compiler/com.sun.tools.javac.api=ALL-UNNAMED --add-exports=jdk.compiler/com.sun.tools.javac.util=ALL-UNNAMED --add-opens=java.base/java.nio.charset=ALL-UNNAMED --add-opens=java.base/java.net=ALL-UNNAMED --add-opens=java.base/java.util.concurrent.atomic=ALL-UNNAMED -Xmx2048m -Dfile.encoding=windows-1252 -Duser.country=US -Duser.language=en -Duser.variant -javaagent:C:\Users\creep\.gradle\wrapper\dists\gradle-8.10.2-all\7iv73wktx1xtkvlq19urqw1wm\gradle-8.10.2\lib\agents\gradle-instrumentation-agent-8.10.2.jar org.gradle.launcher.daemon.bootstrap.GradleDaemon 8.10.2

Host: Intel(R) Core(TM) i5-4300U CPU @ 1.90GHz, 4 cores, 7G,  Windows 10 , 64 bit Build 19041 (10.0.19041.5438)
Time: Fri Apr  4 16:09:23 2025 SE Asia Standard Time elapsed time: 832.404844 seconds (0d 0h 13m 52s)

---------------  T H R E A D  ---------------

Current thread (0x000001a97eb103f0):  VMThread "VM Thread" [stack: 0x000000258e600000,0x000000258e700000] [id=15400]

Stack: [0x000000258e600000,0x000000258e700000]
Native frames: (J=compiled Java code, j=interpreted, Vv=VM code, C=native code)
V  [jvm.dll+0x66fa1a]
V  [jvm.dll+0x7ce5a4]
V  [jvm.dll+0x7cfd4e]
V  [jvm.dll+0x7d03b3]
V  [jvm.dll+0x242b05]
V  [jvm.dll+0x66ca39]
V  [jvm.dll+0x661502]
V  [jvm.dll+0x30081b]
V  [jvm.dll+0x307da6]
V  [jvm.dll+0x357a1e]
V  [jvm.dll+0x357c4f]
V  [jvm.dll+0x2d7ad8]
V  [jvm.dll+0x2dab56]
V  [jvm.dll+0x2e5198]
V  [jvm.dll+0x318f20]
V  [jvm.dll+0x7d484b]
V  [jvm.dll+0x7d5584]
V  [jvm.dll+0x7d5a9c]
V  [jvm.dll+0x7d5e74]
V  [jvm.dll+0x7d5f40]
V  [jvm.dll+0x77e91a]
V  [jvm.dll+0x66e845]
C  [ucrtbase.dll+0x21bb2]
C  [KERNEL32.DLL+0x17374]
C  [ntdll.dll+0x4cc91]

VM_Operation (0x000000258e2ff460): G1Concurrent, mode: safepoint, requested by thread 0x000001a972391e50


---------------  P R O C E S S  ---------------

Threads class SMR info:
_java_thread_list=0x000001a91bd30a70, length=86, elements={
0x000001a9723470b0, 0x000001a97eb196f0, 0x000001a97eb1a560, 0x000001a97eb2c260,
0x000001a97eb2f930, 0x000001a97eb302e0, 0x000001a97eb32ca0, 0x000001a97eb34240,
0x000001a97eb37d00, 0x000001a97eb9f9d0, 0x000001a97ebc44e0, 0x000001a97f5fb8a0,
0x000001a913549500, 0x000001a9137b1310, 0x000001a97f574710, 0x000001a97f6c41e0,
0x000001a9134ca270, 0x000001a9134cc6b0, 0x000001a91395a7d0, 0x000001a913835500,
0x000001a913834b60, 0x000001a913835030, 0x000001a913833820, 0x000001a913832e80,
0x000001a9138359d0, 0x000001a9138329b0, 0x000001a913833cf0, 0x000001a915172210,
0x000001a915170a00, 0x000001a915172bb0, 0x000001a915173a20, 0x000001a9151713a0,
0x000001a915170ed0, 0x000001a915171d40, 0x000001a915173080, 0x000001a915170530,
0x000001a91668cd00, 0x000001a916693210, 0x000001a9166906c0, 0x000001a91668e9e0,
0x000001a916692d40, 0x000001a91668c830, 0x000001a91668d1d0, 0x000001a916691060,
0x000001a9166936e0, 0x000001a91668be90, 0x000001a91668f850, 0x000001a916691a00,
0x000001a91668c360, 0x000001a916691ed0, 0x000001a91668fd20, 0x000001a9166923a0,
0x000001a919a4fbd0, 0x000001a919a4ed60, 0x000001a919a4b870, 0x000001a919a50f10,
0x000001a919a4b3a0, 0x000001a919a513e0, 0x000001a919a4e890, 0x000001a919a518b0,
0x000001a919a4f230, 0x000001a919a4bd40, 0x000001a919a50570, 0x000001a919a4cbb0,
0x000001a919a4c210, 0x000001a919a50a40, 0x000001a919a4d550, 0x000001a919a4a530,
0x000001a919a4c6e0, 0x000001a919a4d080, 0x000001a919a4f700, 0x000001a919a4def0,
0x000001a919a4e3c0, 0x000001a919a500a0, 0x000001a919a4a060, 0x000001a91bf5d3d0,
0x000001a91bf5a3b0, 0x000001a91bf5cf00, 0x000001a91bf59ee0, 0x000001a91bf57d30,
0x000001a91bf5b220, 0x000001a91bf5ca30, 0x000001a91bf59540, 0x000001a91bf5b6f0,
0x000001a91bf586d0, 0x000001a91bf59070
}

Java Threads: ( => current thread )
  0x000001a9723470b0 JavaThread "main" [_thread_blocked, id=18280, stack(0x000000258df00000,0x000000258e000000)]
  0x000001a97eb196f0 JavaThread "Reference Handler" daemon [_thread_blocked, id=11524, stack(0x000000258e700000,0x000000258e800000)]
  0x000001a97eb1a560 JavaThread "Finalizer" daemon [_thread_blocked, id=15756, stack(0x000000258e800000,0x000000258e900000)]
  0x000001a97eb2c260 JavaThread "Signal Dispatcher" daemon [_thread_blocked, id=4588, stack(0x000000258e900000,0x000000258ea00000)]
  0x000001a97eb2f930 JavaThread "Attach Listener" daemon [_thread_blocked, id=19972, stack(0x000000258ea00000,0x000000258eb00000)]
  0x000001a97eb302e0 JavaThread "Service Thread" daemon [_thread_blocked, id=17612, stack(0x000000258eb00000,0x000000258ec00000)]
  0x000001a97eb32ca0 JavaThread "Monitor Deflation Thread" daemon [_thread_blocked, id=17800, stack(0x000000258ec00000,0x000000258ed00000)]
  0x000001a97eb34240 JavaThread "C2 CompilerThread0" daemon [_thread_blocked, id=17804, stack(0x000000258ed00000,0x000000258ee00000)]
  0x000001a97eb37d00 JavaThread "C1 CompilerThread0" daemon [_thread_blocked, id=18960, stack(0x000000258ee00000,0x000000258ef00000)]
  0x000001a97eb9f9d0 JavaThread "Sweeper thread" daemon [_thread_blocked, id=17704, stack(0x000000258ef00000,0x000000258f000000)]
  0x000001a97ebc44e0 JavaThread "Common-Cleaner" daemon [_thread_blocked, id=17608, stack(0x000000258f000000,0x000000258f100000)]
  0x000001a97f5fb8a0 JavaThread "Notification Thread" daemon [_thread_blocked, id=17124, stack(0x000000258f100000,0x000000258f200000)]
  0x000001a913549500 JavaThread "Daemon health stats" [_thread_blocked, id=14052, stack(0x000000258f600000,0x000000258f700000)]
  0x000001a9137b1310 JavaThread "Incoming local TCP Connector on port 46925" [_thread_in_native, id=19936, stack(0x000000258f700000,0x000000258f800000)]
  0x000001a97f574710 JavaThread "Daemon periodic checks" [_thread_blocked, id=16236, stack(0x000000258f800000,0x000000258f900000)]
  0x000001a97f6c41e0 JavaThread "Daemon" [_thread_blocked, id=14412, stack(0x000000258f900000,0x000000258fa00000)]
  0x000001a9134ca270 JavaThread "Handler for socket connection from /127.0.0.1:46925 to /127.0.0.1:46927" [_thread_in_native, id=18132, stack(0x000000258fa00000,0x000000258fb00000)]
  0x000001a9134cc6b0 JavaThread "Cancel handler" [_thread_blocked, id=17528, stack(0x000000258fb00000,0x000000258fc00000)]
  0x000001a91395a7d0 JavaThread "Daemon worker" [_thread_blocked, id=3324, stack(0x000000258fc00000,0x000000258fd00000)]
  0x000001a913835500 JavaThread "Asynchronous log dispatcher for DefaultDaemonConnection: socket connection from /127.0.0.1:46925 to /127.0.0.1:46927" [_thread_blocked, id=18768, stack(0x000000258fd00000,0x000000258fe00000)]
  0x000001a913834b60 JavaThread "Stdin handler" [_thread_blocked, id=19268, stack(0x000000258fe00000,0x000000258ff00000)]
  0x000001a913835030 JavaThread "Daemon client event forwarder" [_thread_blocked, id=18696, stack(0x000000258ff00000,0x0000002590000000)]
  0x000001a913833820 JavaThread "Cache worker for journal cache (C:\Users\creep\.gradle\caches\journal-1)" [_thread_blocked, id=16268, stack(0x0000002590000000,0x0000002590100000)]
  0x000001a913832e80 JavaThread "File lock request listener" [_thread_in_native, id=16840, stack(0x0000002590100000,0x0000002590200000)]
  0x000001a9138359d0 JavaThread "Cache worker for file hash cache (C:\Users\creep\.gradle\caches\8.10.2\fileHashes)" [_thread_blocked, id=16692, stack(0x0000002590200000,0x0000002590300000)]
  0x000001a9138329b0 JavaThread "Cache worker for file hash cache (D:\Mobile\React Native Projects\ToDoList\android\.gradle\8.10.2\fileHashes)" [_thread_blocked, id=15696, stack(0x0000002590600000,0x0000002590700000)]
  0x000001a913833cf0 JavaThread "Cache worker for Build Output Cleanup Cache (D:\Mobile\React Native Projects\ToDoList\android\.gradle\buildOutputCleanup)" [_thread_blocked, id=15936, stack(0x0000002590700000,0x0000002590800000)]
  0x000001a915172210 JavaThread "File watcher server" daemon [_thread_blocked, id=17552, stack(0x0000002590800000,0x0000002590900000)]
  0x000001a915170a00 JavaThread "File watcher consumer" daemon [_thread_blocked, id=7244, stack(0x0000002590900000,0x0000002590a00000)]
  0x000001a915172bb0 JavaThread "Cache worker for checksums cache (D:\Mobile\React Native Projects\ToDoList\android\.gradle\8.10.2\checksums)" [_thread_blocked, id=16036, stack(0x0000002590a00000,0x0000002590b00000)]
  0x000001a915173a20 JavaThread "Cache worker for file content cache (C:\Users\creep\.gradle\caches\8.10.2\fileContent)" [_thread_blocked, id=18744, stack(0x0000002590b00000,0x0000002590c00000)]
  0x000001a9151713a0 JavaThread "Cache worker for cache directory md-rule (C:\Users\creep\.gradle\caches\8.10.2\md-rule)" [_thread_blocked, id=13860, stack(0x0000002590c00000,0x0000002590d00000)]
  0x000001a915170ed0 JavaThread "Cache worker for cache directory md-supplier (C:\Users\creep\.gradle\caches\8.10.2\md-supplier)" [_thread_blocked, id=12032, stack(0x0000002590d00000,0x0000002590e00000)]
  0x000001a915171d40 JavaThread "jar transforms" [_thread_blocked, id=6088, stack(0x000000258e000000,0x000000258e100000)]
  0x000001a915173080 JavaThread "Cache worker for Build Output Cleanup Cache (D:\Mobile\React Native Projects\ToDoList\node_modules\@react-native\gradle-plugin\.gradle\buildOutputCleanup)" [_thread_blocked, id=12960, stack(0x0000002590e00000,0x0000002590f00000)]
  0x000001a915170530 JavaThread "Unconstrained build operations" [_thread_blocked, id=19672, stack(0x0000002590f00000,0x0000002591000000)]
  0x000001a91668cd00 JavaThread "Unconstrained build operations Thread 2" [_thread_blocked, id=19012, stack(0x0000002591000000,0x0000002591100000)]
  0x000001a916693210 JavaThread "Unconstrained build operations Thread 3" [_thread_blocked, id=4888, stack(0x0000002591100000,0x0000002591200000)]
  0x000001a9166906c0 JavaThread "Unconstrained build operations Thread 4" [_thread_blocked, id=15584, stack(0x0000002591200000,0x0000002591300000)]
  0x000001a91668e9e0 JavaThread "Unconstrained build operations Thread 5" [_thread_blocked, id=18124, stack(0x0000002591300000,0x0000002591400000)]
  0x000001a916692d40 JavaThread "Unconstrained build operations Thread 6" [_thread_blocked, id=11336, stack(0x0000002591400000,0x0000002591500000)]
  0x000001a91668c830 JavaThread "Unconstrained build operations Thread 7" [_thread_blocked, id=11980, stack(0x0000002590400000,0x0000002590500000)]
  0x000001a91668d1d0 JavaThread "Unconstrained build operations Thread 8" [_thread_blocked, id=14428, stack(0x0000002591500000,0x0000002591600000)]
  0x000001a916691060 JavaThread "Unconstrained build operations Thread 9" [_thread_blocked, id=17496, stack(0x0000002591600000,0x0000002591700000)]
  0x000001a9166936e0 JavaThread "Unconstrained build operations Thread 10" [_thread_blocked, id=19604, stack(0x0000002591700000,0x0000002591800000)]
  0x000001a91668be90 JavaThread "Unconstrained build operations Thread 11" [_thread_blocked, id=20308, stack(0x0000002591800000,0x0000002591900000)]
  0x000001a91668f850 JavaThread "Unconstrained build operations Thread 12" [_thread_blocked, id=17336, stack(0x0000002591900000,0x0000002591a00000)]
  0x000001a916691a00 JavaThread "Unconstrained build operations Thread 13" [_thread_blocked, id=8288, stack(0x0000002591a00000,0x0000002591b00000)]
  0x000001a91668c360 JavaThread "Unconstrained build operations Thread 14" [_thread_blocked, id=19692, stack(0x0000002591b00000,0x0000002591c00000)]
  0x000001a916691ed0 JavaThread "Unconstrained build operations Thread 15" [_thread_blocked, id=20224, stack(0x0000002591c00000,0x0000002591d00000)]
  0x000001a91668fd20 JavaThread "Memory manager" [_thread_blocked, id=9968, stack(0x0000002591d00000,0x0000002591e00000)]
  0x000001a9166923a0 JavaThread "build event listener" [_thread_blocked, id=16480, stack(0x0000002591e00000,0x0000002591f00000)]
  0x000001a919a4fbd0 JavaThread "Execution worker" [_thread_blocked, id=8652, stack(0x0000002592400000,0x0000002592500000)]
  0x000001a919a4ed60 JavaThread "Execution worker Thread 2" [_thread_blocked, id=15452, stack(0x0000002592500000,0x0000002592600000)]
  0x000001a919a4b870 JavaThread "Execution worker Thread 3" [_thread_blocked, id=7288, stack(0x0000002592600000,0x0000002592700000)]
  0x000001a919a50f10 JavaThread "Cache worker for execution history cache (D:\Mobile\React Native Projects\ToDoList\node_modules\@react-native\gradle-plugin\.gradle\8.10.2\executionHistory)" [_thread_blocked, id=19948, stack(0x0000002592700000,0x0000002592800000)]
  0x000001a919a4b3a0 JavaThread "Unconstrained build operations Thread 16" [_thread_blocked, id=9344, stack(0x0000002592800000,0x0000002592900000)]
  0x000001a919a513e0 JavaThread "Unconstrained build operations Thread 17" [_thread_blocked, id=19052, stack(0x0000002592900000,0x0000002592a00000)]
  0x000001a919a4e890 JavaThread "Unconstrained build operations Thread 18" [_thread_blocked, id=9300, stack(0x0000002592a00000,0x0000002592b00000)]
  0x000001a919a518b0 JavaThread "File lock release action executor Thread 2" [_thread_blocked, id=20640, stack(0x0000002592b00000,0x0000002592c00000)]
  0x000001a919a4f230 JavaThread "Unconstrained build operations Thread 19" [_thread_blocked, id=20416, stack(0x0000002592c00000,0x0000002592d00000)]
  0x000001a919a4bd40 JavaThread "Unconstrained build operations Thread 20" [_thread_blocked, id=21500, stack(0x0000002592d00000,0x0000002592e00000)]
  0x000001a919a50570 JavaThread "Unconstrained build operations Thread 21" [_thread_blocked, id=17184, stack(0x0000002592e00000,0x0000002592f00000)]
  0x000001a919a4cbb0 JavaThread "Unconstrained build operations Thread 22" [_thread_blocked, id=21464, stack(0x0000002592f00000,0x0000002593000000)]
  0x000001a919a4c210 JavaThread "Unconstrained build operations Thread 23" [_thread_blocked, id=16768, stack(0x0000002593000000,0x0000002593100000)]
  0x000001a919a50a40 JavaThread "Unconstrained build operations Thread 24" [_thread_blocked, id=15196, stack(0x0000002593100000,0x0000002593200000)]
  0x000001a919a4d550 JavaThread "Unconstrained build operations Thread 25" [_thread_blocked, id=17740, stack(0x0000002593200000,0x0000002593300000)]
  0x000001a919a4a530 JavaThread "Unconstrained build operations Thread 26" [_thread_blocked, id=10468, stack(0x0000002593300000,0x0000002593400000)]
  0x000001a919a4c6e0 JavaThread "Unconstrained build operations Thread 27" [_thread_blocked, id=1012, stack(0x0000002593400000,0x0000002593500000)]
  0x000001a919a4d080 JavaThread "Unconstrained build operations Thread 28" [_thread_blocked, id=20408, stack(0x0000002593700000,0x0000002593800000)]
  0x000001a919a4f700 JavaThread "Unconstrained build operations Thread 29" [_thread_blocked, id=16680, stack(0x0000002593800000,0x0000002593900000)]
  0x000001a919a4def0 JavaThread "Unconstrained build operations Thread 30" [_thread_blocked, id=16580, stack(0x0000002593900000,0x0000002593a00000)]
  0x000001a919a4e3c0 JavaThread "Unconstrained build operations Thread 31" [_thread_blocked, id=17048, stack(0x0000002593a00000,0x0000002593b00000)]
  0x000001a919a500a0 JavaThread "Unconstrained build operations Thread 32" [_thread_blocked, id=21360, stack(0x0000002593b00000,0x0000002593c00000)]
  0x000001a919a4a060 JavaThread "Unconstrained build operations Thread 33" [_thread_blocked, id=20248, stack(0x0000002593c00000,0x0000002593d00000)]
  0x000001a91bf5d3d0 JavaThread "Unconstrained build operations Thread 34" [_thread_blocked, id=4656, stack(0x0000002593d00000,0x0000002593e00000)]
  0x000001a91bf5a3b0 JavaThread "Unconstrained build operations Thread 35" [_thread_blocked, id=17796, stack(0x0000002593e00000,0x0000002593f00000)]
  0x000001a91bf5cf00 JavaThread "Unconstrained build operations Thread 36" [_thread_blocked, id=13768, stack(0x0000002593f00000,0x0000002594000000)]
  0x000001a91bf59ee0 JavaThread "jar transforms Thread 2" [_thread_blocked, id=8352, stack(0x0000002594000000,0x0000002594100000)]
  0x000001a91bf57d30 JavaThread "jar transforms Thread 3" [_thread_blocked, id=20676, stack(0x0000002594100000,0x0000002594200000)]
  0x000001a91bf5b220 JavaThread "Unconstrained build operations Thread 37" [_thread_blocked, id=21740, stack(0x0000002592000000,0x0000002592100000)]
  0x000001a91bf5ca30 JavaThread "Unconstrained build operations Thread 38" [_thread_blocked, id=21792, stack(0x0000002592100000,0x0000002592200000)]
  0x000001a91bf59540 JavaThread "Unconstrained build operations Thread 39" [_thread_blocked, id=21804, stack(0x0000002592200000,0x0000002592300000)]
  0x000001a91bf5b6f0 JavaThread "Unconstrained build operations Thread 40" [_thread_blocked, id=18348, stack(0x0000002592300000,0x0000002592400000)]
  0x000001a91bf586d0 JavaThread "jar transforms Thread 4" [_thread_blocked, id=21772, stack(0x0000002593500000,0x0000002593600000)]
  0x000001a91bf59070 JavaThread "build event listener" [_thread_blocked, id=22420, stack(0x0000002590500000,0x0000002590600000)]

Other Threads:
=>0x000001a97eb103f0 VMThread "VM Thread" [stack: 0x000000258e600000,0x000000258e700000] [id=15400]
  0x000001a972347f20 WatcherThread [stack: 0x000000258f200000,0x000000258f300000] [id=1008]
  0x000001a9722de780 GCTaskThread "GC Thread#0" [stack: 0x000000258e100000,0x000000258e200000] [id=3648]
  0x000001a97f7cb500 GCTaskThread "GC Thread#1" [stack: 0x000000258f300000,0x000000258f400000] [id=19796]
  0x000001a97f7cb7b0 GCTaskThread "GC Thread#2" [stack: 0x000000258f400000,0x000000258f500000] [id=4176]
  0x000001a9134243b0 GCTaskThread "GC Thread#3" [stack: 0x000000258f500000,0x000000258f600000] [id=18384]
  0x000001a972391e50 ConcurrentGCThread "G1 Main Marker" [stack: 0x000000258e200000,0x000000258e300000] [id=4024]
  0x000001a972392860 ConcurrentGCThread "G1 Conc#0" [stack: 0x000000258e300000,0x000000258e400000] [id=9492]
  0x000001a972406a90 ConcurrentGCThread "G1 Refine#0" [stack: 0x000000258e400000,0x000000258e500000] [id=11816]
  0x000001a914685100 ConcurrentGCThread "G1 Refine#1" [stack: 0x000000258de00000,0x000000258df00000] [id=14396]
  0x000001a9724084c0 ConcurrentGCThread "G1 Service" [stack: 0x000000258e500000,0x000000258e600000] [id=3968]

Threads with active compile tasks:
C2 CompilerThread0   832490 15631       4       org.codehaus.groovy.reflection.CachedClass$3::initValue (205 bytes)

VM state: at safepoint (normal execution)

VM Mutex/Monitor currently owned by a thread:  ([mutex/lock_event])
[0x000001a972343f80] Threads_lock - owner thread: 0x000001a97eb103f0
[0x000001a972344520] Heap_lock - owner thread: 0x000001a972391e50

Heap address: 0x0000000080000000, size: 2048 MB, Compressed Oops mode: 32-bit

CDS archive(s) mapped at: [0x0000000800000000-0x0000000800bc0000-0x0000000800bc0000), size 12320768, SharedBaseAddress: 0x0000000800000000, ArchiveRelocationMode: 0.
Compressed class space mapped at: 0x0000000800c00000-0x000000081a800000, reserved size: 432013312
Narrow klass base: 0x0000000800000000, Narrow klass shift: 0, Narrow klass range: 0x100000000

GC Precious Log:
 CPUs: 4 total, 4 available
 Memory: 8097M
 Large Page Support: Disabled
 NUMA Support: Disabled
 Compressed Oops: Enabled (32-bit)
 Heap Region Size: 1M
 Heap Min Capacity: 8M
 Heap Initial Capacity: 128M
 Heap Max Capacity: 2G
 Pre-touch: Disabled
 Parallel Workers: 4
 Concurrent Workers: 1
 Concurrent Refinement Workers: 4
 Periodic GC: Disabled

Heap:
 garbage-first heap   total 295936K, used 211220K [0x0000000080000000, 0x0000000100000000)
  region size 1024K, 54 young (55296K), 10 survivors (10240K)
 Metaspace       used 108913K, committed 110272K, reserved 520192K
  class space    used 15169K, committed 15808K, reserved 421888K

Heap Regions: E=young(eden), S=young(survivor), O=old, HS=humongous(starts), HC=humongous(continues), CS=collection set, F=free, OA=open archive, CA=closed archive, TAMS=top-at-mark-start (previous, next)
|   0|0x0000000080000000, 0x0000000080100000, 0x0000000080100000|100%|HS|  |TAMS 0x0000000080100000, 0x0000000080000000| Complete 
|   1|0x0000000080100000, 0x0000000080200000, 0x0000000080200000|100%|HC|  |TAMS 0x0000000080200000, 0x0000000080100000| Complete 
|   2|0x0000000080200000, 0x0000000080300000, 0x0000000080300000|100%|HC|  |TAMS 0x0000000080300000, 0x0000000080200000| Complete 
|   3|0x0000000080300000, 0x0000000080400000, 0x0000000080400000|100%|HC|  |TAMS 0x0000000080400000, 0x0000000080300000| Complete 
|   4|0x0000000080400000, 0x0000000080500000, 0x0000000080500000|100%| O|  |TAMS 0x0000000080500000, 0x0000000080400000| Untracked 
|   5|0x0000000080500000, 0x0000000080600000, 0x0000000080600000|100%| O|  |TAMS 0x0000000080600000, 0x0000000080500000| Untracked 
|   6|0x0000000080600000, 0x0000000080700000, 0x0000000080700000|100%| O|  |TAMS 0x0000000080700000, 0x0000000080600000| Untracked 
|   7|0x0000000080700000, 0x0000000080800000, 0x0000000080800000|100%| O|  |TAMS 0x0000000080800000, 0x0000000080700000| Untracked 
|   8|0x0000000080800000, 0x0000000080900000, 0x0000000080900000|100%|HS|  |TAMS 0x0000000080900000, 0x0000000080800000| Complete 
|   9|0x0000000080900000, 0x0000000080a00000, 0x0000000080a00000|100%| O|  |TAMS 0x0000000080a00000, 0x0000000080900000| Updating 
|  10|0x0000000080a00000, 0x0000000080b00000, 0x0000000080b00000|100%| O|  |TAMS 0x0000000080b00000, 0x0000000080a00000| Untracked 
|  11|0x0000000080b00000, 0x0000000080c00000, 0x0000000080c00000|100%| O|  |TAMS 0x0000000080c00000, 0x0000000080b00000| Untracked 
|  12|0x0000000080c00000, 0x0000000080d00000, 0x0000000080d00000|100%| O|  |TAMS 0x0000000080d00000, 0x0000000080c00000| Untracked 
|  13|0x0000000080d00000, 0x0000000080e00000, 0x0000000080e00000|100%| O|  |TAMS 0x0000000080e00000, 0x0000000080d00000| Untracked 
|  14|0x0000000080e00000, 0x0000000080f00000, 0x0000000080f00000|100%| O|  |TAMS 0x0000000080f00000, 0x0000000080e00000| Untracked 
|  15|0x0000000080f00000, 0x0000000081000000, 0x0000000081000000|100%| O|  |TAMS 0x0000000081000000, 0x0000000080f00000| Untracked 
|  16|0x0000000081000000, 0x0000000081100000, 0x0000000081100000|100%| O|  |TAMS 0x0000000081100000, 0x0000000081000000| Untracked 
|  17|0x0000000081100000, 0x0000000081200000, 0x0000000081200000|100%| O|  |TAMS 0x0000000081200000, 0x0000000081100000| Untracked 
|  18|0x0000000081200000, 0x0000000081300000, 0x0000000081300000|100%| O|  |TAMS 0x0000000081300000, 0x0000000081200000| Untracked 
|  19|0x0000000081300000, 0x0000000081400000, 0x0000000081400000|100%| O|  |TAMS 0x0000000081400000, 0x0000000081300000| Untracked 
|  20|0x0000000081400000, 0x0000000081500000, 0x0000000081500000|100%| O|  |TAMS 0x0000000081500000, 0x0000000081400000| Untracked 
|  21|0x0000000081500000, 0x0000000081600000, 0x0000000081600000|100%| O|  |TAMS 0x0000000081600000, 0x0000000081500000| Updating 
|  22|0x0000000081600000, 0x0000000081700000, 0x0000000081700000|100%| O|  |TAMS 0x0000000081700000, 0x0000000081600000| Untracked 
|  23|0x0000000081700000, 0x0000000081800000, 0x0000000081800000|100%| O|  |TAMS 0x0000000081800000, 0x0000000081700000| Untracked 
|  24|0x0000000081800000, 0x0000000081900000, 0x0000000081900000|100%|HS|  |TAMS 0x0000000081900000, 0x0000000081800000| Complete 
|  25|0x0000000081900000, 0x0000000081a00000, 0x0000000081a00000|100%| O|  |TAMS 0x0000000081a00000, 0x0000000081900000| Updating 
|  26|0x0000000081a00000, 0x0000000081b00000, 0x0000000081b00000|100%| O|  |TAMS 0x0000000081b00000, 0x0000000081a00000| Untracked 
|  27|0x0000000081b00000, 0x0000000081c00000, 0x0000000081c00000|100%| O|  |TAMS 0x0000000081c00000, 0x0000000081b00000| Untracked 
|  28|0x0000000081c00000, 0x0000000081d00000, 0x0000000081d00000|100%| O|  |TAMS 0x0000000081d00000, 0x0000000081c00000| Untracked 
|  29|0x0000000081d00000, 0x0000000081e00000, 0x0000000081e00000|100%| O|  |TAMS 0x0000000081e00000, 0x0000000081d00000| Untracked 
|  30|0x0000000081e00000, 0x0000000081f00000, 0x0000000081f00000|100%| O|  |TAMS 0x0000000081f00000, 0x0000000081e00000| Untracked 
|  31|0x0000000081f00000, 0x0000000082000000, 0x0000000082000000|100%| O|  |TAMS 0x0000000082000000, 0x0000000081f00000| Untracked 
|  32|0x0000000082000000, 0x0000000082100000, 0x0000000082100000|100%| O|  |TAMS 0x0000000082100000, 0x0000000082000000| Untracked 
|  33|0x0000000082100000, 0x0000000082200000, 0x0000000082200000|100%| O|  |TAMS 0x0000000082200000, 0x0000000082100000| Untracked 
|  34|0x0000000082200000, 0x0000000082300000, 0x0000000082300000|100%| O|  |TAMS 0x0000000082300000, 0x0000000082200000| Untracked 
|  35|0x0000000082300000, 0x0000000082400000, 0x0000000082400000|100%| O|  |TAMS 0x0000000082400000, 0x0000000082300000| Updating 
|  36|0x0000000082400000, 0x0000000082500000, 0x0000000082500000|100%| O|  |TAMS 0x0000000082500000, 0x0000000082400000| Untracked 
|  37|0x0000000082500000, 0x0000000082600000, 0x0000000082600000|100%| O|  |TAMS 0x0000000082600000, 0x0000000082500000| Untracked 
|  38|0x0000000082600000, 0x0000000082700000, 0x0000000082700000|100%| O|  |TAMS 0x0000000082700000, 0x0000000082600000| Untracked 
|  39|0x0000000082700000, 0x0000000082800000, 0x0000000082800000|100%| O|  |TAMS 0x0000000082800000, 0x0000000082700000| Updating 
|  40|0x0000000082800000, 0x0000000082900000, 0x0000000082900000|100%| O|  |TAMS 0x0000000082900000, 0x0000000082800000| Updating 
|  41|0x0000000082900000, 0x0000000082a00000, 0x0000000082a00000|100%|HS|  |TAMS 0x0000000082a00000, 0x0000000082900000| Complete 
|  42|0x0000000082a00000, 0x0000000082b00000, 0x0000000082b00000|100%|HC|  |TAMS 0x0000000082b00000, 0x0000000082a00000| Complete 
|  43|0x0000000082b00000, 0x0000000082c00000, 0x0000000082c00000|100%|HS|  |TAMS 0x0000000082c00000, 0x0000000082b00000| Complete 
|  44|0x0000000082c00000, 0x0000000082d00000, 0x0000000082d00000|100%|HC|  |TAMS 0x0000000082d00000, 0x0000000082c00000| Complete 
|  45|0x0000000082d00000, 0x0000000082e00000, 0x0000000082e00000|100%|HS|  |TAMS 0x0000000082e00000, 0x0000000082d00000| Complete 
|  46|0x0000000082e00000, 0x0000000082f00000, 0x0000000082f00000|100%|HC|  |TAMS 0x0000000082f00000, 0x0000000082e00000| Complete 
|  47|0x0000000082f00000, 0x0000000083000000, 0x0000000083000000|100%|HC|  |TAMS 0x0000000083000000, 0x0000000082f00000| Complete 
|  48|0x0000000083000000, 0x0000000083100000, 0x0000000083100000|100%|HC|  |TAMS 0x0000000083100000, 0x0000000083000000| Complete 
|  49|0x0000000083100000, 0x0000000083200000, 0x0000000083200000|100%|HS|  |TAMS 0x0000000083200000, 0x0000000083100000| Complete 
|  50|0x0000000083200000, 0x0000000083300000, 0x0000000083300000|100%|HC|  |TAMS 0x0000000083300000, 0x0000000083200000| Complete 
|  51|0x0000000083300000, 0x0000000083400000, 0x0000000083400000|100%|HC|  |TAMS 0x0000000083400000, 0x0000000083300000| Complete 
|  52|0x0000000083400000, 0x0000000083500000, 0x0000000083500000|100%|HC|  |TAMS 0x0000000083500000, 0x0000000083400000| Complete 
|  53|0x0000000083500000, 0x0000000083600000, 0x0000000083600000|100%| O|  |TAMS 0x0000000083600000, 0x0000000083500000| Untracked 
|  54|0x0000000083600000, 0x0000000083700000, 0x0000000083700000|100%| O|  |TAMS 0x0000000083700000, 0x0000000083600000| Updating 
|  55|0x0000000083700000, 0x0000000083800000, 0x0000000083800000|100%| O|  |TAMS 0x0000000083800000, 0x0000000083700000| Untracked 
|  56|0x0000000083800000, 0x0000000083900000, 0x0000000083900000|100%| O|  |TAMS 0x0000000083900000, 0x0000000083800000| Untracked 
|  57|0x0000000083900000, 0x0000000083a00000, 0x0000000083a00000|100%| O|  |TAMS 0x0000000083a00000, 0x0000000083900000| Untracked 
|  58|0x0000000083a00000, 0x0000000083b00000, 0x0000000083b00000|100%| O|  |TAMS 0x0000000083b00000, 0x0000000083a00000| Untracked 
|  59|0x0000000083b00000, 0x0000000083c00000, 0x0000000083c00000|100%| O|  |TAMS 0x0000000083c00000, 0x0000000083b00000| Untracked 
|  60|0x0000000083c00000, 0x0000000083d00000, 0x0000000083d00000|100%| O|  |TAMS 0x0000000083d00000, 0x0000000083c00000| Untracked 
|  61|0x0000000083d00000, 0x0000000083e00000, 0x0000000083e00000|100%| O|  |TAMS 0x0000000083e00000, 0x0000000083d00000| Untracked 
|  62|0x0000000083e00000, 0x0000000083f00000, 0x0000000083f00000|100%| O|  |TAMS 0x0000000083f00000, 0x0000000083e00000| Updating 
|  63|0x0000000083f00000, 0x0000000084000000, 0x0000000084000000|100%| O|  |TAMS 0x0000000084000000, 0x0000000083f00000| Untracked 
|  64|0x0000000084000000, 0x0000000084100000, 0x0000000084100000|100%| O|  |TAMS 0x0000000084100000, 0x0000000084000000| Untracked 
|  65|0x0000000084100000, 0x0000000084200000, 0x0000000084200000|100%| O|  |TAMS 0x0000000084200000, 0x0000000084100000| Untracked 
|  66|0x0000000084200000, 0x0000000084300000, 0x0000000084300000|100%| O|  |TAMS 0x0000000084300000, 0x0000000084200000| Updating 
|  67|0x0000000084300000, 0x0000000084400000, 0x0000000084400000|100%| O|  |TAMS 0x0000000084400000, 0x0000000084300000| Updating 
|  68|0x0000000084400000, 0x0000000084500000, 0x0000000084500000|100%| O|  |TAMS 0x0000000084500000, 0x0000000084400000| Untracked 
|  69|0x0000000084500000, 0x0000000084600000, 0x0000000084600000|100%| O|  |TAMS 0x0000000084600000, 0x0000000084500000| Updating 
|  70|0x0000000084600000, 0x0000000084700000, 0x0000000084700000|100%| O|  |TAMS 0x0000000084700000, 0x0000000084600000| Untracked 
|  71|0x0000000084700000, 0x0000000084800000, 0x0000000084800000|100%| O|  |TAMS 0x0000000084800000, 0x0000000084700000| Untracked 
|  72|0x0000000084800000, 0x0000000084900000, 0x0000000084900000|100%| O|  |TAMS 0x0000000084900000, 0x0000000084800000| Untracked 
|  73|0x0000000084900000, 0x0000000084a00000, 0x0000000084a00000|100%| O|  |TAMS 0x0000000084a00000, 0x0000000084900000| Updating 
|  74|0x0000000084a00000, 0x0000000084b00000, 0x0000000084b00000|100%| O|  |TAMS 0x0000000084b00000, 0x0000000084a00000| Updating 
|  75|0x0000000084b00000, 0x0000000084c00000, 0x0000000084c00000|100%| O|  |TAMS 0x0000000084c00000, 0x0000000084b00000| Updating 
|  76|0x0000000084c00000, 0x0000000084d00000, 0x0000000084d00000|100%| O|  |TAMS 0x0000000084d00000, 0x0000000084c00000| Untracked 
|  77|0x0000000084d00000, 0x0000000084e00000, 0x0000000084e00000|100%|HS|  |TAMS 0x0000000084e00000, 0x0000000084d00000| Complete 
|  78|0x0000000084e00000, 0x0000000084f00000, 0x0000000084f00000|100%|HS|  |TAMS 0x0000000084f00000, 0x0000000084e00000| Complete 
|  79|0x0000000084f00000, 0x0000000085000000, 0x0000000085000000|100%| O|  |TAMS 0x0000000085000000, 0x0000000084f00000| Updating 
|  80|0x0000000085000000, 0x0000000085100000, 0x0000000085100000|100%|HS|  |TAMS 0x0000000085100000, 0x0000000085000000| Complete 
|  81|0x0000000085100000, 0x0000000085200000, 0x0000000085200000|100%|HS|  |TAMS 0x0000000085200000, 0x0000000085100000| Complete 
|  82|0x0000000085200000, 0x0000000085300000, 0x0000000085300000|100%|HS|  |TAMS 0x0000000085300000, 0x0000000085200000| Complete 
|  83|0x0000000085300000, 0x0000000085400000, 0x0000000085400000|100%| O|  |TAMS 0x0000000085400000, 0x0000000085300000| Untracked 
|  84|0x0000000085400000, 0x0000000085500000, 0x0000000085500000|100%| O|  |TAMS 0x0000000085500000, 0x0000000085400000| Untracked 
|  85|0x0000000085500000, 0x0000000085600000, 0x0000000085600000|100%|HS|  |TAMS 0x0000000085600000, 0x0000000085500000| Complete 
|  86|0x0000000085600000, 0x0000000085700000, 0x0000000085700000|100%|HS|  |TAMS 0x0000000085700000, 0x0000000085600000| Complete 
|  87|0x0000000085700000, 0x0000000085800000, 0x0000000085800000|100%| O|  |TAMS 0x0000000085800000, 0x0000000085700000| Untracked 
|  88|0x0000000085800000, 0x0000000085900000, 0x0000000085900000|100%| O|  |TAMS 0x0000000085900000, 0x0000000085800000| Untracked 
|  89|0x0000000085900000, 0x0000000085a00000, 0x0000000085a00000|100%| O|  |TAMS 0x0000000085a00000, 0x0000000085900000| Untracked 
|  90|0x0000000085a00000, 0x0000000085b00000, 0x0000000085b00000|100%| O|  |TAMS 0x0000000085b00000, 0x0000000085a00000| Updating 
|  91|0x0000000085b00000, 0x0000000085c00000, 0x0000000085c00000|100%| O|  |TAMS 0x0000000085c00000, 0x0000000085b00000| Untracked 
|  92|0x0000000085c00000, 0x0000000085d00000, 0x0000000085d00000|100%| O|  |TAMS 0x0000000085d00000, 0x0000000085c00000| Updating 
|  93|0x0000000085d00000, 0x0000000085e00000, 0x0000000085e00000|100%| O|  |TAMS 0x0000000085e00000, 0x0000000085d00000| Untracked 
|  94|0x0000000085e00000, 0x0000000085f00000, 0x0000000085f00000|100%| O|  |TAMS 0x0000000085f00000, 0x0000000085e00000| Untracked 
|  95|0x0000000085f00000, 0x0000000086000000, 0x0000000086000000|100%| O|  |TAMS 0x0000000086000000, 0x0000000085f00000| Untracked 
|  96|0x0000000086000000, 0x0000000086100000, 0x0000000086100000|100%| O|  |TAMS 0x0000000086100000, 0x0000000086000000| Untracked 
|  97|0x0000000086100000, 0x0000000086200000, 0x0000000086200000|100%|HS|  |TAMS 0x0000000086200000, 0x0000000086100000| Complete 
|  98|0x0000000086200000, 0x0000000086300000, 0x0000000086300000|100%| O|  |TAMS 0x0000000086300000, 0x0000000086200000| Untracked 
|  99|0x0000000086300000, 0x0000000086400000, 0x0000000086400000|100%|HS|  |TAMS 0x0000000086400000, 0x0000000086300000| Complete 
| 100|0x0000000086400000, 0x0000000086500000, 0x0000000086500000|100%|HC|  |TAMS 0x0000000086500000, 0x0000000086400000| Complete 
| 101|0x0000000086500000, 0x0000000086600000, 0x0000000086600000|100%| O|  |TAMS 0x0000000086600000, 0x0000000086500000| Untracked 
| 102|0x0000000086600000, 0x0000000086700000, 0x0000000086700000|100%| O|  |TAMS 0x0000000086700000, 0x0000000086600000| Untracked 
| 103|0x0000000086700000, 0x0000000086800000, 0x0000000086800000|100%| O|  |TAMS 0x0000000086800000, 0x0000000086700000| Untracked 
| 104|0x0000000086800000, 0x0000000086900000, 0x0000000086900000|100%| O|  |TAMS 0x0000000086900000, 0x0000000086800000| Untracked 
| 105|0x0000000086900000, 0x0000000086a00000, 0x0000000086a00000|100%| O|  |TAMS 0x0000000086a00000, 0x0000000086900000| Untracked 
| 106|0x0000000086a00000, 0x0000000086b00000, 0x0000000086b00000|100%| O|  |TAMS 0x0000000086b00000, 0x0000000086a00000| Untracked 
| 107|0x0000000086b00000, 0x0000000086c00000, 0x0000000086c00000|100%| O|  |TAMS 0x0000000086c00000, 0x0000000086b00000| Untracked 
| 108|0x0000000086c00000, 0x0000000086d00000, 0x0000000086d00000|100%| O|  |TAMS 0x0000000086d00000, 0x0000000086c00000| Untracked 
| 109|0x0000000086d00000, 0x0000000086e00000, 0x0000000086e00000|100%| O|  |TAMS 0x0000000086e00000, 0x0000000086d00000| Untracked 
| 110|0x0000000086e00000, 0x0000000086f00000, 0x0000000086f00000|100%| O|  |TAMS 0x0000000086f00000, 0x0000000086e00000| Untracked 
| 111|0x0000000086f00000, 0x0000000087000000, 0x0000000087000000|100%| O|  |TAMS 0x0000000087000000, 0x0000000086f00000| Untracked 
| 112|0x0000000087000000, 0x0000000087100000, 0x0000000087100000|100%| O|  |TAMS 0x0000000087100000, 0x0000000087000000| Untracked 
| 113|0x0000000087100000, 0x0000000087200000, 0x0000000087200000|100%| O|  |TAMS 0x0000000087200000, 0x0000000087100000| Untracked 
| 114|0x0000000087200000, 0x0000000087300000, 0x0000000087300000|100%| O|  |TAMS 0x0000000087300000, 0x0000000087200000| Untracked 
| 115|0x0000000087300000, 0x0000000087400000, 0x0000000087400000|100%| O|  |TAMS 0x0000000087400000, 0x0000000087300000| Untracked 
| 116|0x0000000087400000, 0x0000000087500000, 0x0000000087500000|100%| O|  |TAMS 0x0000000087500000, 0x0000000087400000| Untracked 
| 117|0x0000000087500000, 0x0000000087600000, 0x0000000087600000|100%| O|  |TAMS 0x0000000087600000, 0x0000000087500000| Untracked 
| 118|0x0000000087600000, 0x0000000087700000, 0x0000000087700000|100%| O|  |TAMS 0x0000000087700000, 0x0000000087600000| Untracked 
| 119|0x0000000087700000, 0x0000000087800000, 0x0000000087800000|100%| O|  |TAMS 0x0000000087800000, 0x0000000087700000| Untracked 
| 120|0x0000000087800000, 0x0000000087900000, 0x0000000087900000|100%| O|  |TAMS 0x0000000087900000, 0x0000000087800000| Untracked 
| 121|0x0000000087900000, 0x0000000087a00000, 0x0000000087a00000|100%| O|  |TAMS 0x0000000087a00000, 0x0000000087900000| Untracked 
| 122|0x0000000087a00000, 0x0000000087b00000, 0x0000000087b00000|100%| O|  |TAMS 0x0000000087b00000, 0x0000000087a00000| Untracked 
| 123|0x0000000087b00000, 0x0000000087c00000, 0x0000000087c00000|100%| O|  |TAMS 0x0000000087c00000, 0x0000000087b00000| Untracked 
| 124|0x0000000087c00000, 0x0000000087d00000, 0x0000000087d00000|100%| O|  |TAMS 0x0000000087d00000, 0x0000000087c00000| Untracked 
| 125|0x0000000087d00000, 0x0000000087e00000, 0x0000000087e00000|100%| O|  |TAMS 0x0000000087e00000, 0x0000000087d00000| Untracked 
| 126|0x0000000087e00000, 0x0000000087f00000, 0x0000000087f00000|100%| O|  |TAMS 0x0000000087f00000, 0x0000000087e00000| Untracked 
| 127|0x0000000087f00000, 0x0000000088000000, 0x0000000088000000|100%| O|  |TAMS 0x0000000088000000, 0x0000000087f00000| Untracked 
| 128|0x0000000088000000, 0x0000000088100000, 0x0000000088100000|100%| O|  |TAMS 0x0000000088100000, 0x0000000088000000| Updating 
| 129|0x0000000088100000, 0x0000000088200000, 0x0000000088200000|100%| O|  |TAMS 0x0000000088200000, 0x0000000088100000| Updating 
| 130|0x0000000088200000, 0x0000000088300000, 0x0000000088300000|100%| O|  |TAMS 0x0000000088300000, 0x0000000088200000| Updating 
| 131|0x0000000088300000, 0x0000000088400000, 0x0000000088400000|100%| O|  |TAMS 0x0000000088400000, 0x0000000088300000| Updating 
| 132|0x0000000088400000, 0x0000000088500000, 0x0000000088500000|100%| O|  |TAMS 0x0000000088500000, 0x0000000088400000| Updating 
| 133|0x0000000088500000, 0x0000000088500000, 0x0000000088600000|  0%| F|  |TAMS 0x0000000088500000, 0x0000000088500000| Untracked 
| 134|0x0000000088600000, 0x0000000088700000, 0x0000000088700000|100%| O|  |TAMS 0x0000000088700000, 0x0000000088600000| Updating 
| 135|0x0000000088700000, 0x0000000088800000, 0x0000000088800000|100%| O|  |TAMS 0x0000000088800000, 0x0000000088700000| Updating 
| 136|0x0000000088800000, 0x0000000088900000, 0x0000000088900000|100%| O|  |TAMS 0x0000000088900000, 0x0000000088800000| Untracked 
| 137|0x0000000088900000, 0x0000000088a00000, 0x0000000088a00000|100%|HS|  |TAMS 0x0000000088a00000, 0x0000000088900000| Complete 
| 138|0x0000000088a00000, 0x0000000088b00000, 0x0000000088b00000|100%|HC|  |TAMS 0x0000000088b00000, 0x0000000088a00000| Complete 
| 139|0x0000000088b00000, 0x0000000088c00000, 0x0000000088c00000|100%| O|  |TAMS 0x0000000088c00000, 0x0000000088b00000| Untracked 
| 140|0x0000000088c00000, 0x0000000088d00000, 0x0000000088d00000|100%| O|  |TAMS 0x0000000088d00000, 0x0000000088c00000| Untracked 
| 141|0x0000000088d00000, 0x0000000088e00000, 0x0000000088e00000|100%| O|  |TAMS 0x0000000088e00000, 0x0000000088d00000| Untracked 
| 142|0x0000000088e00000, 0x0000000088f00000, 0x0000000088f00000|100%| O|  |TAMS 0x0000000088f00000, 0x0000000088e00000| Untracked 
| 143|0x0000000088f00000, 0x0000000089000000, 0x0000000089000000|100%| O|  |TAMS 0x0000000089000000, 0x0000000088f00000| Untracked 
| 144|0x0000000089000000, 0x0000000089100000, 0x0000000089100000|100%| O|  |TAMS 0x0000000089100000, 0x0000000089000000| Untracked 
| 145|0x0000000089100000, 0x0000000089200000, 0x0000000089200000|100%| O|  |TAMS 0x0000000089200000, 0x0000000089100000| Untracked 
| 146|0x0000000089200000, 0x0000000089300000, 0x0000000089300000|100%| O|  |TAMS 0x0000000089300000, 0x0000000089200000| Untracked 
| 147|0x0000000089300000, 0x0000000089400000, 0x0000000089400000|100%| O|  |TAMS 0x0000000089400000, 0x0000000089300000| Untracked 
| 148|0x0000000089400000, 0x0000000089500000, 0x0000000089500000|100%| O|  |TAMS 0x000000008943fa00, 0x0000000089400000| Updating 
| 149|0x0000000089500000, 0x0000000089600000, 0x0000000089600000|100%| O|  |TAMS 0x0000000089500000, 0x0000000089500000| Untracked 
| 150|0x0000000089600000, 0x0000000089700000, 0x0000000089700000|100%| O|  |TAMS 0x0000000089600000, 0x0000000089600000| Untracked 
| 151|0x0000000089700000, 0x0000000089800000, 0x0000000089800000|100%| O|  |TAMS 0x0000000089700000, 0x0000000089700000| Untracked 
| 152|0x0000000089800000, 0x0000000089900000, 0x0000000089900000|100%| O|  |TAMS 0x0000000089800000, 0x0000000089800000| Untracked 
| 153|0x0000000089900000, 0x0000000089a00000, 0x0000000089a00000|100%| O|  |TAMS 0x0000000089900000, 0x0000000089900000| Untracked 
| 154|0x0000000089a00000, 0x0000000089aaf000, 0x0000000089b00000| 68%| O|  |TAMS 0x0000000089a00000, 0x0000000089a00000| Updating 
| 155|0x0000000089b00000, 0x0000000089b00000, 0x0000000089c00000|  0%| F|  |TAMS 0x0000000089b00000, 0x0000000089b00000| Untracked 
| 156|0x0000000089c00000, 0x0000000089c00000, 0x0000000089d00000|  0%| F|  |TAMS 0x0000000089c00000, 0x0000000089c00000| Untracked 
| 157|0x0000000089d00000, 0x0000000089d00000, 0x0000000089e00000|  0%| F|  |TAMS 0x0000000089d00000, 0x0000000089d00000| Untracked 
| 158|0x0000000089e00000, 0x0000000089e00000, 0x0000000089f00000|  0%| F|  |TAMS 0x0000000089e00000, 0x0000000089e00000| Untracked 
| 159|0x0000000089f00000, 0x0000000089f00000, 0x000000008a000000|  0%| F|  |TAMS 0x0000000089f00000, 0x0000000089f00000| Untracked 
| 160|0x000000008a000000, 0x000000008a000000, 0x000000008a100000|  0%| F|  |TAMS 0x000000008a000000, 0x000000008a000000| Untracked 
| 161|0x000000008a100000, 0x000000008a100000, 0x000000008a200000|  0%| F|  |TAMS 0x000000008a100000, 0x000000008a100000| Untracked 
| 162|0x000000008a200000, 0x000000008a200000, 0x000000008a300000|  0%| F|  |TAMS 0x000000008a200000, 0x000000008a200000| Untracked 
| 163|0x000000008a300000, 0x000000008a300000, 0x000000008a400000|  0%| F|  |TAMS 0x000000008a300000, 0x000000008a300000| Untracked 
| 164|0x000000008a400000, 0x000000008a400000, 0x000000008a500000|  0%| F|  |TAMS 0x000000008a400000, 0x000000008a400000| Untracked 
| 165|0x000000008a500000, 0x000000008a500000, 0x000000008a600000|  0%| F|  |TAMS 0x000000008a500000, 0x000000008a500000| Untracked 
| 166|0x000000008a600000, 0x000000008a600000, 0x000000008a700000|  0%| F|  |TAMS 0x000000008a600000, 0x000000008a600000| Untracked 
| 167|0x000000008a700000, 0x000000008a700000, 0x000000008a800000|  0%| F|  |TAMS 0x000000008a700000, 0x000000008a700000| Untracked 
| 168|0x000000008a800000, 0x000000008a800000, 0x000000008a900000|  0%| F|  |TAMS 0x000000008a800000, 0x000000008a800000| Untracked 
| 169|0x000000008a900000, 0x000000008a900000, 0x000000008aa00000|  0%| F|  |TAMS 0x000000008a900000, 0x000000008a900000| Untracked 
| 170|0x000000008aa00000, 0x000000008aa00000, 0x000000008ab00000|  0%| F|  |TAMS 0x000000008aa00000, 0x000000008aa00000| Untracked 
| 171|0x000000008ab00000, 0x000000008ab00000, 0x000000008ac00000|  0%| F|  |TAMS 0x000000008ab00000, 0x000000008ab00000| Untracked 
| 172|0x000000008ac00000, 0x000000008ac00000, 0x000000008ad00000|  0%| F|  |TAMS 0x000000008ac00000, 0x000000008ac00000| Untracked 
| 173|0x000000008ad00000, 0x000000008ad00000, 0x000000008ae00000|  0%| F|  |TAMS 0x000000008ad00000, 0x000000008ad00000| Untracked 
| 174|0x000000008ae00000, 0x000000008ae00000, 0x000000008af00000|  0%| F|  |TAMS 0x000000008ae00000, 0x000000008ae00000| Untracked 
| 175|0x000000008af00000, 0x000000008af00000, 0x000000008b000000|  0%| F|  |TAMS 0x000000008af00000, 0x000000008af00000| Untracked 
| 176|0x000000008b000000, 0x000000008b000000, 0x000000008b100000|  0%| F|  |TAMS 0x000000008b000000, 0x000000008b000000| Untracked 
| 177|0x000000008b100000, 0x000000008b100000, 0x000000008b200000|  0%| F|  |TAMS 0x000000008b100000, 0x000000008b100000| Untracked 
| 178|0x000000008b200000, 0x000000008b200000, 0x000000008b300000|  0%| F|  |TAMS 0x000000008b200000, 0x000000008b200000| Untracked 
| 179|0x000000008b300000, 0x000000008b300000, 0x000000008b400000|  0%| F|  |TAMS 0x000000008b300000, 0x000000008b300000| Untracked 
| 180|0x000000008b400000, 0x000000008b400000, 0x000000008b500000|  0%| F|  |TAMS 0x000000008b400000, 0x000000008b400000| Untracked 
| 181|0x000000008b500000, 0x000000008b500000, 0x000000008b600000|  0%| F|  |TAMS 0x000000008b500000, 0x000000008b500000| Untracked 
| 182|0x000000008b600000, 0x000000008b600000, 0x000000008b700000|  0%| F|  |TAMS 0x000000008b600000, 0x000000008b600000| Untracked 
| 183|0x000000008b700000, 0x000000008b700000, 0x000000008b800000|  0%| F|  |TAMS 0x000000008b700000, 0x000000008b700000| Untracked 
| 184|0x000000008b800000, 0x000000008b800000, 0x000000008b900000|  0%| F|  |TAMS 0x000000008b800000, 0x000000008b800000| Untracked 
| 185|0x000000008b900000, 0x000000008b900000, 0x000000008ba00000|  0%| F|  |TAMS 0x000000008b900000, 0x000000008b900000| Untracked 
| 186|0x000000008ba00000, 0x000000008ba00000, 0x000000008bb00000|  0%| F|  |TAMS 0x000000008ba00000, 0x000000008ba00000| Untracked 
| 187|0x000000008bb00000, 0x000000008bb00000, 0x000000008bc00000|  0%| F|  |TAMS 0x000000008bb00000, 0x000000008bb00000| Untracked 
| 188|0x000000008bc00000, 0x000000008bc00000, 0x000000008bd00000|  0%| F|  |TAMS 0x000000008bc00000, 0x000000008bc00000| Untracked 
| 189|0x000000008bd00000, 0x000000008bd00000, 0x000000008be00000|  0%| F|  |TAMS 0x000000008bd00000, 0x000000008bd00000| Untracked 
| 190|0x000000008be00000, 0x000000008be00000, 0x000000008bf00000|  0%| F|  |TAMS 0x000000008be00000, 0x000000008be00000| Untracked 
| 191|0x000000008bf00000, 0x000000008bf00000, 0x000000008c000000|  0%| F|  |TAMS 0x000000008bf00000, 0x000000008bf00000| Untracked 
| 192|0x000000008c000000, 0x000000008c000000, 0x000000008c100000|  0%| F|  |TAMS 0x000000008c000000, 0x000000008c000000| Untracked 
| 193|0x000000008c100000, 0x000000008c196010, 0x000000008c200000| 58%| S|CS|TAMS 0x000000008c100000, 0x000000008c100000| Complete 
| 194|0x000000008c200000, 0x000000008c300000, 0x000000008c300000|100%| S|CS|TAMS 0x000000008c200000, 0x000000008c200000| Complete 
| 195|0x000000008c300000, 0x000000008c400000, 0x000000008c400000|100%| S|CS|TAMS 0x000000008c300000, 0x000000008c300000| Complete 
| 196|0x000000008c400000, 0x000000008c500000, 0x000000008c500000|100%| S|CS|TAMS 0x000000008c400000, 0x000000008c400000| Complete 
| 197|0x000000008c500000, 0x000000008c600000, 0x000000008c600000|100%| S|CS|TAMS 0x000000008c500000, 0x000000008c500000| Complete 
| 198|0x000000008c600000, 0x000000008c700000, 0x000000008c700000|100%| S|CS|TAMS 0x000000008c600000, 0x000000008c600000| Complete 
| 199|0x000000008c700000, 0x000000008c700000, 0x000000008c800000|  0%| F|  |TAMS 0x000000008c700000, 0x000000008c700000| Untracked 
| 200|0x000000008c800000, 0x000000008c800000, 0x000000008c900000|  0%| F|  |TAMS 0x000000008c800000, 0x000000008c800000| Untracked 
| 201|0x000000008c900000, 0x000000008c900000, 0x000000008ca00000|  0%| F|  |TAMS 0x000000008c900000, 0x000000008c900000| Untracked 
| 202|0x000000008ca00000, 0x000000008ca00000, 0x000000008cb00000|  0%| F|  |TAMS 0x000000008ca00000, 0x000000008ca00000| Untracked 
| 203|0x000000008cb00000, 0x000000008cb00000, 0x000000008cc00000|  0%| F|  |TAMS 0x000000008cb00000, 0x000000008cb00000| Untracked 
| 204|0x000000008cc00000, 0x000000008cc00000, 0x000000008cd00000|  0%| F|  |TAMS 0x000000008cc00000, 0x000000008cc00000| Untracked 
| 205|0x000000008cd00000, 0x000000008cd00000, 0x000000008ce00000|  0%| F|  |TAMS 0x000000008cd00000, 0x000000008cd00000| Untracked 
| 206|0x000000008ce00000, 0x000000008cf00000, 0x000000008cf00000|100%| S|CS|TAMS 0x000000008ce00000, 0x000000008ce00000| Complete 
| 207|0x000000008cf00000, 0x000000008d000000, 0x000000008d000000|100%| S|CS|TAMS 0x000000008cf00000, 0x000000008cf00000| Complete 
| 208|0x000000008d000000, 0x000000008d100000, 0x000000008d100000|100%| S|CS|TAMS 0x000000008d000000, 0x000000008d000000| Complete 
| 209|0x000000008d100000, 0x000000008d200000, 0x000000008d200000|100%| S|CS|TAMS 0x000000008d100000, 0x000000008d100000| Complete 
| 210|0x000000008d200000, 0x000000008d200000, 0x000000008d300000|  0%| F|  |TAMS 0x000000008d200000, 0x000000008d200000| Untracked 
| 211|0x000000008d300000, 0x000000008d300000, 0x000000008d400000|  0%| F|  |TAMS 0x000000008d300000, 0x000000008d300000| Untracked 
| 212|0x000000008d400000, 0x000000008d400000, 0x000000008d500000|  0%| F|  |TAMS 0x000000008d400000, 0x000000008d400000| Untracked 
| 213|0x000000008d500000, 0x000000008d500000, 0x000000008d600000|  0%| F|  |TAMS 0x000000008d500000, 0x000000008d500000| Untracked 
| 214|0x000000008d600000, 0x000000008d600000, 0x000000008d700000|  0%| F|  |TAMS 0x000000008d600000, 0x000000008d600000| Untracked 
| 215|0x000000008d700000, 0x000000008d700000, 0x000000008d800000|  0%| F|  |TAMS 0x000000008d700000, 0x000000008d700000| Untracked 
| 216|0x000000008d800000, 0x000000008d800000, 0x000000008d900000|  0%| F|  |TAMS 0x000000008d800000, 0x000000008d800000| Untracked 
| 217|0x000000008d900000, 0x000000008d900000, 0x000000008da00000|  0%| F|  |TAMS 0x000000008d900000, 0x000000008d900000| Untracked 
| 218|0x000000008da00000, 0x000000008da00000, 0x000000008db00000|  0%| F|  |TAMS 0x000000008da00000, 0x000000008da00000| Untracked 
| 219|0x000000008db00000, 0x000000008db00000, 0x000000008dc00000|  0%| F|  |TAMS 0x000000008db00000, 0x000000008db00000| Untracked 
| 220|0x000000008dc00000, 0x000000008dc00000, 0x000000008dd00000|  0%| F|  |TAMS 0x000000008dc00000, 0x000000008dc00000| Untracked 
| 221|0x000000008dd00000, 0x000000008dd00000, 0x000000008de00000|  0%| F|  |TAMS 0x000000008dd00000, 0x000000008dd00000| Untracked 
| 222|0x000000008de00000, 0x000000008de00000, 0x000000008df00000|  0%| F|  |TAMS 0x000000008de00000, 0x000000008de00000| Untracked 
| 223|0x000000008df00000, 0x000000008df00000, 0x000000008e000000|  0%| F|  |TAMS 0x000000008df00000, 0x000000008df00000| Untracked 
| 224|0x000000008e000000, 0x000000008e000000, 0x000000008e100000|  0%| F|  |TAMS 0x000000008e000000, 0x000000008e000000| Untracked 
| 225|0x000000008e100000, 0x000000008e100000, 0x000000008e200000|  0%| F|  |TAMS 0x000000008e100000, 0x000000008e100000| Untracked 
| 226|0x000000008e200000, 0x000000008e200000, 0x000000008e300000|  0%| F|  |TAMS 0x000000008e200000, 0x000000008e200000| Untracked 
| 227|0x000000008e300000, 0x000000008e300000, 0x000000008e400000|  0%| F|  |TAMS 0x000000008e300000, 0x000000008e300000| Untracked 
| 228|0x000000008e400000, 0x000000008e400000, 0x000000008e500000|  0%| F|  |TAMS 0x000000008e400000, 0x000000008e400000| Untracked 
| 229|0x000000008e500000, 0x000000008e500000, 0x000000008e600000|  0%| F|  |TAMS 0x000000008e500000, 0x000000008e500000| Untracked 
| 230|0x000000008e600000, 0x000000008e600000, 0x000000008e700000|  0%| F|  |TAMS 0x000000008e600000, 0x000000008e600000| Untracked 
| 231|0x000000008e700000, 0x000000008e700000, 0x000000008e800000|  0%| F|  |TAMS 0x000000008e700000, 0x000000008e700000| Untracked 
| 232|0x000000008e800000, 0x000000008e800000, 0x000000008e900000|  0%| F|  |TAMS 0x000000008e800000, 0x000000008e800000| Untracked 
| 233|0x000000008e900000, 0x000000008e900000, 0x000000008ea00000|  0%| F|  |TAMS 0x000000008e900000, 0x000000008e900000| Untracked 
| 234|0x000000008ea00000, 0x000000008ea00000, 0x000000008eb00000|  0%| F|  |TAMS 0x000000008ea00000, 0x000000008ea00000| Untracked 
| 235|0x000000008eb00000, 0x000000008eb00000, 0x000000008ec00000|  0%| F|  |TAMS 0x000000008eb00000, 0x000000008eb00000| Untracked 
| 236|0x000000008ec00000, 0x000000008ec00000, 0x000000008ed00000|  0%| F|  |TAMS 0x000000008ec00000, 0x000000008ec00000| Untracked 
| 237|0x000000008ed00000, 0x000000008ed00000, 0x000000008ee00000|  0%| F|  |TAMS 0x000000008ed00000, 0x000000008ed00000| Untracked 
| 238|0x000000008ee00000, 0x000000008ee00000, 0x000000008ef00000|  0%| F|  |TAMS 0x000000008ee00000, 0x000000008ee00000| Untracked 
| 239|0x000000008ef00000, 0x000000008ef00000, 0x000000008f000000|  0%| F|  |TAMS 0x000000008ef00000, 0x000000008ef00000| Untracked 
| 240|0x000000008f000000, 0x000000008f000000, 0x000000008f100000|  0%| F|  |TAMS 0x000000008f000000, 0x000000008f000000| Untracked 
| 241|0x000000008f100000, 0x000000008f100000, 0x000000008f200000|  0%| F|  |TAMS 0x000000008f100000, 0x000000008f100000| Untracked 
| 242|0x000000008f200000, 0x000000008f200000, 0x000000008f300000|  0%| F|  |TAMS 0x000000008f200000, 0x000000008f200000| Untracked 
| 243|0x000000008f300000, 0x000000008f300000, 0x000000008f400000|  0%| F|  |TAMS 0x000000008f300000, 0x000000008f300000| Untracked 
| 244|0x000000008f400000, 0x000000008f400000, 0x000000008f500000|  0%| F|  |TAMS 0x000000008f400000, 0x000000008f400000| Untracked 
| 245|0x000000008f500000, 0x000000008f500800, 0x000000008f600000|  0%| E|  |TAMS 0x000000008f500000, 0x000000008f500000| Complete 
| 246|0x000000008f600000, 0x000000008f700000, 0x000000008f700000|100%| E|CS|TAMS 0x000000008f600000, 0x000000008f600000| Complete 
| 247|0x000000008f700000, 0x000000008f800000, 0x000000008f800000|100%| E|CS|TAMS 0x000000008f700000, 0x000000008f700000| Complete 
| 248|0x000000008f800000, 0x000000008f900000, 0x000000008f900000|100%| E|CS|TAMS 0x000000008f800000, 0x000000008f800000| Complete 
| 249|0x000000008f900000, 0x000000008fa00000, 0x000000008fa00000|100%| E|CS|TAMS 0x000000008f900000, 0x000000008f900000| Complete 
| 250|0x000000008fa00000, 0x000000008fb00000, 0x000000008fb00000|100%| E|CS|TAMS 0x000000008fa00000, 0x000000008fa00000| Complete 
| 251|0x000000008fb00000, 0x000000008fc00000, 0x000000008fc00000|100%| E|CS|TAMS 0x000000008fb00000, 0x000000008fb00000| Complete 
| 252|0x000000008fc00000, 0x000000008fd00000, 0x000000008fd00000|100%| E|CS|TAMS 0x000000008fc00000, 0x000000008fc00000| Complete 
| 253|0x000000008fd00000, 0x000000008fe00000, 0x000000008fe00000|100%| E|CS|TAMS 0x000000008fd00000, 0x000000008fd00000| Complete 
| 254|0x000000008fe00000, 0x000000008ff00000, 0x000000008ff00000|100%| E|CS|TAMS 0x000000008fe00000, 0x000000008fe00000| Complete 
| 255|0x000000008ff00000, 0x0000000090000000, 0x0000000090000000|100%| E|CS|TAMS 0x000000008ff00000, 0x000000008ff00000| Complete 
| 256|0x0000000090000000, 0x0000000090100000, 0x0000000090100000|100%| E|CS|TAMS 0x0000000090000000, 0x0000000090000000| Complete 
| 257|0x0000000090100000, 0x0000000090200000, 0x0000000090200000|100%| E|CS|TAMS 0x0000000090100000, 0x0000000090100000| Complete 
| 258|0x0000000090200000, 0x0000000090300000, 0x0000000090300000|100%| E|CS|TAMS 0x0000000090200000, 0x0000000090200000| Complete 
| 259|0x0000000090300000, 0x0000000090400000, 0x0000000090400000|100%| E|CS|TAMS 0x0000000090300000, 0x0000000090300000| Complete 
| 260|0x0000000090400000, 0x0000000090500000, 0x0000000090500000|100%| E|CS|TAMS 0x0000000090400000, 0x0000000090400000| Complete 
| 261|0x0000000090500000, 0x0000000090600000, 0x0000000090600000|100%| E|CS|TAMS 0x0000000090500000, 0x0000000090500000| Complete 
| 262|0x0000000090600000, 0x0000000090700000, 0x0000000090700000|100%| E|CS|TAMS 0x0000000090600000, 0x0000000090600000| Complete 
| 263|0x0000000090700000, 0x0000000090800000, 0x0000000090800000|100%| E|CS|TAMS 0x0000000090700000, 0x0000000090700000| Complete 
| 264|0x0000000090800000, 0x0000000090900000, 0x0000000090900000|100%| E|CS|TAMS 0x0000000090800000, 0x0000000090800000| Complete 
| 265|0x0000000090900000, 0x0000000090a00000, 0x0000000090a00000|100%| E|CS|TAMS 0x0000000090900000, 0x0000000090900000| Complete 
| 266|0x0000000090a00000, 0x0000000090b00000, 0x0000000090b00000|100%| E|CS|TAMS 0x0000000090a00000, 0x0000000090a00000| Complete 
| 267|0x0000000090b00000, 0x0000000090c00000, 0x0000000090c00000|100%| E|CS|TAMS 0x0000000090b00000, 0x0000000090b00000| Complete 
| 268|0x0000000090c00000, 0x0000000090d00000, 0x0000000090d00000|100%| E|CS|TAMS 0x0000000090c00000, 0x0000000090c00000| Complete 
| 269|0x0000000090d00000, 0x0000000090e00000, 0x0000000090e00000|100%| E|CS|TAMS 0x0000000090d00000, 0x0000000090d00000| Complete 
| 270|0x0000000090e00000, 0x0000000090f00000, 0x0000000090f00000|100%| E|CS|TAMS 0x0000000090e00000, 0x0000000090e00000| Complete 
| 271|0x0000000090f00000, 0x0000000091000000, 0x0000000091000000|100%| E|CS|TAMS 0x0000000090f00000, 0x0000000090f00000| Complete 
| 272|0x0000000091000000, 0x0000000091100000, 0x0000000091100000|100%| E|CS|TAMS 0x0000000091000000, 0x0000000091000000| Complete 
| 273|0x0000000091100000, 0x0000000091200000, 0x0000000091200000|100%| E|CS|TAMS 0x0000000091100000, 0x0000000091100000| Complete 
| 274|0x0000000091200000, 0x0000000091300000, 0x0000000091300000|100%| E|CS|TAMS 0x0000000091200000, 0x0000000091200000| Complete 
| 275|0x0000000091300000, 0x0000000091400000, 0x0000000091400000|100%| E|CS|TAMS 0x0000000091300000, 0x0000000091300000| Complete 
| 276|0x0000000091400000, 0x0000000091500000, 0x0000000091500000|100%| E|CS|TAMS 0x0000000091400000, 0x0000000091400000| Complete 
| 277|0x0000000091500000, 0x0000000091600000, 0x0000000091600000|100%| E|CS|TAMS 0x0000000091500000, 0x0000000091500000| Complete 
| 278|0x0000000091600000, 0x0000000091700000, 0x0000000091700000|100%| E|CS|TAMS 0x0000000091600000, 0x0000000091600000| Complete 
| 279|0x0000000091700000, 0x0000000091800000, 0x0000000091800000|100%| E|CS|TAMS 0x0000000091700000, 0x0000000091700000| Complete 
| 280|0x0000000091800000, 0x0000000091900000, 0x0000000091900000|100%| E|CS|TAMS 0x0000000091800000, 0x0000000091800000| Complete 
| 281|0x0000000091900000, 0x0000000091a00000, 0x0000000091a00000|100%| E|CS|TAMS 0x0000000091900000, 0x0000000091900000| Complete 
| 282|0x0000000091a00000, 0x0000000091b00000, 0x0000000091b00000|100%| E|CS|TAMS 0x0000000091a00000, 0x0000000091a00000| Complete 
| 283|0x0000000091b00000, 0x0000000091c00000, 0x0000000091c00000|100%| E|CS|TAMS 0x0000000091b00000, 0x0000000091b00000| Complete 
| 284|0x0000000091c00000, 0x0000000091d00000, 0x0000000091d00000|100%| E|CS|TAMS 0x0000000091c00000, 0x0000000091c00000| Complete 
| 285|0x0000000091d00000, 0x0000000091e00000, 0x0000000091e00000|100%| E|CS|TAMS 0x0000000091d00000, 0x0000000091d00000| Complete 
| 286|0x0000000091e00000, 0x0000000091f00000, 0x0000000091f00000|100%| E|CS|TAMS 0x0000000091e00000, 0x0000000091e00000| Complete 
| 287|0x0000000091f00000, 0x0000000092000000, 0x0000000092000000|100%| E|CS|TAMS 0x0000000091f00000, 0x0000000091f00000| Complete 
| 288|0x0000000092000000, 0x0000000092100000, 0x0000000092100000|100%| E|CS|TAMS 0x0000000092000000, 0x0000000092000000| Complete 

Card table byte_map: [0x000001a97bd40000,0x000001a97c140000] _byte_map_base: 0x000001a97b940000

Marking Bits (Prev, Next): (CMBitMap*) 0x000001a9723817a0, (CMBitMap*) 0x000001a972381760
 Prev Bits: [0x000001a90f000000, 0x000001a911000000)
 Next Bits: [0x000001a97c540000, 0x000001a97e540000)

Polling page: 0x000001a972410000

Metaspace:

Usage:
  Non-class:     91.55 MB used.
      Class:     14.81 MB used.
       Both:    106.36 MB used.

Virtual space:
  Non-class space:       96.00 MB reserved,      92.25 MB ( 96%) committed,  12 nodes.
      Class space:      412.00 MB reserved,      15.44 MB (  4%) committed,  1 nodes.
             Both:      508.00 MB reserved,     107.69 MB ( 21%) committed. 

Chunk freelists:
   Non-Class:  3.47 MB
       Class:  611.00 KB
        Both:  4.07 MB

MaxMetaspaceSize: 512.00 MB
CompressedClassSpaceSize: 412.00 MB
Initial GC threshold: 21.00 MB
Current GC threshold: 169.00 MB
CDS: on
MetaspaceReclaimPolicy: balanced
 - commit_granule_bytes: 65536.
 - commit_granule_words: 8192.
 - virtual_space_node_default_size: 1048576.
 - enlarge_chunks_in_place: 1.
 - new_chunks_are_fully_committed: 0.
 - uncommit_free_chunks: 1.
 - use_allocation_guard: 0.
 - handle_deallocations: 1.


Internal statistics:

num_allocs_failed_limit: 6.
num_arena_births: 1616.
num_arena_deaths: 0.
num_vsnodes_births: 13.
num_vsnodes_deaths: 0.
num_space_committed: 1723.
num_space_uncommitted: 0.
num_chunks_returned_to_freelist: 6.
num_chunks_taken_from_freelist: 6608.
num_chunk_merges: 6.
num_chunk_splits: 4219.
num_chunks_enlarged: 2635.
num_purges: 0.
num_inconsistent_stats: 0.

CodeHeap 'non-profiled nmethods': size=120000Kb used=9759Kb max_used=9759Kb free=110240Kb
 bounds [0x000001a907ad0000, 0x000001a908460000, 0x000001a90f000000]
CodeHeap 'profiled nmethods': size=120000Kb used=26251Kb max_used=26251Kb free=93748Kb
 bounds [0x000001a9005a0000, 0x000001a901f50000, 0x000001a907ad0000]
CodeHeap 'non-nmethods': size=5760Kb used=2438Kb max_used=2484Kb free=3321Kb
 bounds [0x000001a900000000, 0x000001a900290000, 0x000001a9005a0000]
 total_blobs=14190 nmethods=13207 adapters=895
 compilation: enabled
              stopped_count=0, restarted_count=0
 full_count=0

Compilation events (20 events):
Event: 831.918 Thread 0x000001a97eb34240 nmethod 15619 0x000001a908456210 code [0x000001a908456460, 0x000001a908457550]
Event: 832.148 Thread 0x000001a97eb37d00 15622   !   3       jdk.internal.reflect.GeneratedConstructorAccessor102::newInstance (53 bytes)
Event: 832.149 Thread 0x000001a97eb37d00 nmethod 15622 0x000001a901f37690 code [0x000001a901f378c0, 0x000001a901f38168]
Event: 832.158 Thread 0x000001a97eb37d00 15623       3       java.beans.Introspector::getTargetEventInfo (529 bytes)
Event: 832.163 Thread 0x000001a97eb37d00 nmethod 15623 0x000001a901f38590 code [0x000001a901f38cc0, 0x000001a901f3d588]
Event: 832.169 Thread 0x000001a97eb37d00 15624       3       java.beans.GenericBeanInfo::<init> (60 bytes)
Event: 832.170 Thread 0x000001a97eb37d00 nmethod 15624 0x000001a901f3eb10 code [0x000001a901f3ed00, 0x000001a901f3f418]
Event: 832.172 Thread 0x000001a97eb37d00 15625       3       org.gradle.api.internal.tasks.DefaultTaskContainer$5::hasNext (10 bytes)
Event: 832.173 Thread 0x000001a97eb37d00 nmethod 15625 0x000001a901f3f610 code [0x000001a901f3f7c0, 0x000001a901f3f988]
Event: 832.173 Thread 0x000001a97eb37d00 15626       3       org.gradle.api.internal.tasks.DefaultTaskContainer$5::next (5 bytes)
Event: 832.173 Thread 0x000001a97eb37d00 nmethod 15626 0x000001a901f3fa90 code [0x000001a901f3fc40, 0x000001a901f3ff88]
Event: 832.173 Thread 0x000001a97eb37d00 15627       3       org.gradle.api.internal.tasks.DefaultTaskContainer$5::next (13 bytes)
Event: 832.173 Thread 0x000001a97eb37d00 nmethod 15627 0x000001a901f40090 code [0x000001a901f40240, 0x000001a901f40528]
Event: 832.173 Thread 0x000001a97eb37d00 15628   !   3       jdk.proxy2.$Proxy135::accept (34 bytes)
Event: 832.174 Thread 0x000001a97eb37d00 nmethod 15628 0x000001a901f40610 code [0x000001a901f407e0, 0x000001a901f40cf8]
Event: 832.174 Thread 0x000001a97eb37d00 15629   !   3       build_53fko7e6nto1t11srq6b2lj7u$_run_closure16$_closure55::doCall (19 bytes)
Event: 832.174 Thread 0x000001a97eb37d00 nmethod 15629 0x000001a901f40f10 code [0x000001a901f41180, 0x000001a901f41d28]
Event: 832.197 Thread 0x000001a97eb37d00 15630   !   3       java_lang_String$contains$2::call (38 bytes)
Event: 832.197 Thread 0x000001a97eb37d00 nmethod 15630 0x000001a901f42110 code [0x000001a901f42340, 0x000001a901f42a38]
Event: 832.211 Thread 0x000001a97eb34240 15631       4       org.codehaus.groovy.reflection.CachedClass$3::initValue (205 bytes)

GC Heap History (20 events):
Event: 635.546 GC heap before
{Heap before GC invocations=57 (full 0):
 garbage-first heap   total 241664K, used 189410K [0x0000000080000000, 0x0000000100000000)
  region size 1024K, 85 young (87040K), 3 survivors (3072K)
 Metaspace       used 87176K, committed 88128K, reserved 503808K
  class space    used 12004K, committed 12480K, reserved 421888K
}
Event: 635.560 GC heap after
{Heap after GC invocations=58 (full 0):
 garbage-first heap   total 241664K, used 109891K [0x0000000080000000, 0x0000000100000000)
  region size 1024K, 7 young (7168K), 7 survivors (7168K)
 Metaspace       used 87176K, committed 88128K, reserved 503808K
  class space    used 12004K, committed 12480K, reserved 421888K
}
Event: 635.639 GC heap before
{Heap before GC invocations=58 (full 0):
 garbage-first heap   total 241664K, used 113987K [0x0000000080000000, 0x0000000100000000)
  region size 1024K, 11 young (11264K), 7 survivors (7168K)
 Metaspace       used 87176K, committed 88128K, reserved 503808K
  class space    used 12004K, committed 12480K, reserved 421888K
}
Event: 635.649 GC heap after
{Heap after GC invocations=59 (full 0):
 garbage-first heap   total 241664K, used 108344K [0x0000000080000000, 0x0000000100000000)
  region size 1024K, 1 young (1024K), 1 survivors (1024K)
 Metaspace       used 87176K, committed 88128K, reserved 503808K
  class space    used 12004K, committed 12480K, reserved 421888K
}
Event: 641.065 GC heap before
{Heap before GC invocations=59 (full 0):
 garbage-first heap   total 241664K, used 199480K [0x0000000080000000, 0x0000000100000000)
  region size 1024K, 89 young (91136K), 1 survivors (1024K)
 Metaspace       used 92574K, committed 93504K, reserved 503808K
  class space    used 12852K, committed 13312K, reserved 421888K
}
Event: 641.072 GC heap after
{Heap after GC invocations=60 (full 0):
 garbage-first heap   total 295936K, used 110739K [0x0000000080000000, 0x0000000100000000)
  region size 1024K, 3 young (3072K), 3 survivors (3072K)
 Metaspace       used 92574K, committed 93504K, reserved 503808K
  class space    used 12852K, committed 13312K, reserved 421888K
}
Event: 691.613 GC heap before
{Heap before GC invocations=60 (full 0):
 garbage-first heap   total 295936K, used 251027K [0x0000000080000000, 0x0000000100000000)
  region size 1024K, 140 young (143360K), 3 survivors (3072K)
 Metaspace       used 100848K, committed 101952K, reserved 512000K
  class space    used 14001K, committed 14528K, reserved 421888K
}
Event: 691.642 GC heap after
{Heap after GC invocations=61 (full 0):
 garbage-first heap   total 295936K, used 121222K [0x0000000080000000, 0x0000000100000000)
  region size 1024K, 14 young (14336K), 14 survivors (14336K)
 Metaspace       used 100848K, committed 101952K, reserved 512000K
  class space    used 14001K, committed 14528K, reserved 421888K
}
Event: 799.414 GC heap before
{Heap before GC invocations=61 (full 0):
 garbage-first heap   total 295936K, used 241030K [0x0000000080000000, 0x0000000100000000)
  region size 1024K, 132 young (135168K), 14 survivors (14336K)
 Metaspace       used 102581K, committed 103808K, reserved 512000K
  class space    used 14213K, committed 14784K, reserved 421888K
}
Event: 799.719 GC heap after
{Heap after GC invocations=62 (full 0):
 garbage-first heap   total 295936K, used 137020K [0x0000000080000000, 0x0000000100000000)
  region size 1024K, 16 young (16384K), 16 survivors (16384K)
 Metaspace       used 102581K, committed 103808K, reserved 512000K
  class space    used 14213K, committed 14784K, reserved 421888K
}
Event: 803.478 GC heap before
{Heap before GC invocations=63 (full 0):
 garbage-first heap   total 295936K, used 163644K [0x0000000080000000, 0x0000000100000000)
  region size 1024K, 43 young (44032K), 16 survivors (16384K)
 Metaspace       used 102590K, committed 103808K, reserved 512000K
  class space    used 14213K, committed 14784K, reserved 421888K
}
Event: 803.529 GC heap after
{Heap after GC invocations=64 (full 0):
 garbage-first heap   total 295936K, used 138711K [0x0000000080000000, 0x0000000100000000)
  region size 1024K, 4 young (4096K), 4 survivors (4096K)
 Metaspace       used 102590K, committed 103808K, reserved 512000K
  class space    used 14213K, committed 14784K, reserved 421888K
}
Event: 803.639 GC heap before
{Heap before GC invocations=64 (full 0):
 garbage-first heap   total 295936K, used 147927K [0x0000000080000000, 0x0000000100000000)
  region size 1024K, 14 young (14336K), 4 survivors (4096K)
 Metaspace       used 102590K, committed 103808K, reserved 512000K
  class space    used 14213K, committed 14784K, reserved 421888K
}
Event: 803.650 GC heap after
{Heap after GC invocations=65 (full 0):
 garbage-first heap   total 295936K, used 138651K [0x0000000080000000, 0x0000000100000000)
  region size 1024K, 2 young (2048K), 2 survivors (2048K)
 Metaspace       used 102590K, committed 103808K, reserved 512000K
  class space    used 14213K, committed 14784K, reserved 421888K
}
Event: 811.167 GC heap before
{Heap before GC invocations=65 (full 0):
 garbage-first heap   total 295936K, used 241051K [0x0000000080000000, 0x0000000100000000)
  region size 1024K, 98 young (100352K), 2 survivors (2048K)
 Metaspace       used 103287K, committed 104576K, reserved 512000K
  class space    used 14358K, committed 14976K, reserved 421888K
}
Event: 811.182 GC heap after
{Heap after GC invocations=66 (full 0):
 garbage-first heap   total 295936K, used 151974K [0x0000000080000000, 0x0000000100000000)
  region size 1024K, 11 young (11264K), 11 survivors (11264K)
 Metaspace       used 103287K, committed 104576K, reserved 512000K
  class space    used 14358K, committed 14976K, reserved 421888K
}
Event: 823.494 GC heap before
{Heap before GC invocations=66 (full 0):
 garbage-first heap   total 295936K, used 236966K [0x0000000080000000, 0x0000000100000000)
  region size 1024K, 94 young (96256K), 11 survivors (11264K)
 Metaspace       used 106404K, committed 107712K, reserved 520192K
  class space    used 14851K, committed 15488K, reserved 421888K
}
Event: 823.522 GC heap after
{Heap after GC invocations=67 (full 0):
 garbage-first heap   total 295936K, used 158497K [0x0000000080000000, 0x0000000100000000)
  region size 1024K, 7 young (7168K), 7 survivors (7168K)
 Metaspace       used 106404K, committed 107712K, reserved 520192K
  class space    used 14851K, committed 15488K, reserved 421888K
}
Event: 830.236 GC heap before
{Heap before GC invocations=67 (full 0):
 garbage-first heap   total 295936K, used 239393K [0x0000000080000000, 0x0000000100000000)
  region size 1024K, 86 young (88064K), 7 survivors (7168K)
 Metaspace       used 108864K, committed 110208K, reserved 520192K
  class space    used 15165K, committed 15808K, reserved 421888K
}
Event: 830.269 GC heap after
{Heap after GC invocations=68 (full 0):
 garbage-first heap   total 295936K, used 168212K [0x0000000080000000, 0x0000000100000000)
  region size 1024K, 10 young (10240K), 10 survivors (10240K)
 Metaspace       used 108864K, committed 110208K, reserved 520192K
  class space    used 15165K, committed 15808K, reserved 421888K
}

Deoptimization events (20 events):
Event: 830.537 Thread 0x000001a91395a7d0 DEOPT PACKING pc=0x000001a9084377d8 sp=0x000000258fcf65a0
Event: 830.537 Thread 0x000001a91395a7d0 DEOPT UNPACKING pc=0x000001a9000523a3 sp=0x000000258fcf6538 mode 2
Event: 830.538 Thread 0x000001a91395a7d0 Uncommon trap: trap_request=0xfffffff4 fr.pc=0x000001a908434078 relative=0x00000000000038f8
Event: 830.538 Thread 0x000001a91395a7d0 Uncommon trap: reason=null_check action=make_not_entrant pc=0x000001a908434078 method=java.beans.PropertyDescriptor.findPropertyType(Ljava/lang/reflect/Method;Ljava/lang/reflect/Method;)Ljava/lang/Class; @ 113 c2
Event: 830.538 Thread 0x000001a91395a7d0 DEOPT PACKING pc=0x000001a908434078 sp=0x000000258fcf6200
Event: 830.538 Thread 0x000001a91395a7d0 DEOPT UNPACKING pc=0x000001a9000523a3 sp=0x000000258fcf61f0 mode 2
Event: 830.579 Thread 0x000001a91395a7d0 Uncommon trap: trap_request=0xffffffd6 fr.pc=0x000001a9084377d8 relative=0x0000000000000438
Event: 830.579 Thread 0x000001a91395a7d0 Uncommon trap: reason=array_check action=maybe_recompile pc=0x000001a9084377d8 method=java.util.HashMap.valuesToArray([Ljava/lang/Object;)[Ljava/lang/Object; @ 62 c2
Event: 830.579 Thread 0x000001a91395a7d0 DEOPT PACKING pc=0x000001a9084377d8 sp=0x000000258fcf63a0
Event: 830.579 Thread 0x000001a91395a7d0 DEOPT UNPACKING pc=0x000001a9000523a3 sp=0x000000258fcf6338 mode 2
Event: 830.609 Thread 0x000001a91395a7d0 Uncommon trap: trap_request=0xffffffd6 fr.pc=0x000001a9084377d8 relative=0x0000000000000438
Event: 830.609 Thread 0x000001a91395a7d0 Uncommon trap: reason=array_check action=maybe_recompile pc=0x000001a9084377d8 method=java.util.HashMap.valuesToArray([Ljava/lang/Object;)[Ljava/lang/Object; @ 62 c2
Event: 830.609 Thread 0x000001a91395a7d0 DEOPT PACKING pc=0x000001a9084377d8 sp=0x000000258fcf65a0
Event: 830.609 Thread 0x000001a91395a7d0 DEOPT UNPACKING pc=0x000001a9000523a3 sp=0x000000258fcf6538 mode 2
Event: 830.961 Thread 0x000001a91395a7d0 DEOPT PACKING pc=0x000001a901c8dcf1 sp=0x000000258fcf6800
Event: 830.961 Thread 0x000001a91395a7d0 DEOPT UNPACKING pc=0x000001a900052b43 sp=0x000000258fcf5c60 mode 0
Event: 831.080 Thread 0x000001a91395a7d0 DEOPT PACKING pc=0x000001a901c8dcf1 sp=0x000000258fcf6800
Event: 831.080 Thread 0x000001a91395a7d0 DEOPT UNPACKING pc=0x000001a900052b43 sp=0x000000258fcf5c60 mode 0
Event: 831.269 Thread 0x000001a91395a7d0 DEOPT PACKING pc=0x000001a9010b9676 sp=0x000000258fcf69d0
Event: 831.269 Thread 0x000001a91395a7d0 DEOPT UNPACKING pc=0x000001a900052b43 sp=0x000000258fcf5e50 mode 0

Classes unloaded (0 events):
No events

Classes redefined (0 events):
No events

Internal exceptions (20 events):
Event: 831.694 Thread 0x000001a91395a7d0 Exception <a 'java/lang/ClassNotFoundException'{0x000000008fbdd460}: com/android/build/gradle/internal/tasks/SigningReportTaskCustomizer> (0x000000008fbdd460) 
thrown [t:\workspace\open\src\hotspot\share\classfile\systemDictionary.cpp, line 256]
Event: 831.695 Thread 0x000001a91395a7d0 Exception <a 'java/lang/ClassNotFoundException'{0x000000008fbfaf58}: com/android/build/gradle/internal/tasks/SigningReportTask_DecoratedCustomizer> (0x000000008fbfaf58) 
thrown [t:\workspace\open\src\hotspot\share\classfile\systemDictionary.cpp, line 256]
Event: 831.785 Thread 0x000001a91395a7d0 Exception <a 'java/lang/ClassNotFoundException'{0x000000008fa79ec0}: com/android/build/gradle/internal/tasks/SourceSetsTask_DecoratedBeanInfo> (0x000000008fa79ec0) 
thrown [t:\workspace\open\src\hotspot\share\classfile\systemDictionary.cpp, line 256]
Event: 831.787 Thread 0x000001a91395a7d0 Exception <a 'java/lang/ClassNotFoundException'{0x000000008fa88c40}: com/android/build/gradle/internal/tasks/SourceSetsTaskBeanInfo> (0x000000008fa88c40) 
thrown [t:\workspace\open\src\hotspot\share\classfile\systemDictionary.cpp, line 256]
Event: 831.790 Thread 0x000001a91395a7d0 Exception <a 'java/lang/ClassNotFoundException'{0x000000008fa985e0}: org/gradle/api/tasks/diagnostics/ProjectBasedReportTaskBeanInfo> (0x000000008fa985e0) 
thrown [t:\workspace\open\src\hotspot\share\classfile\systemDictionary.cpp, line 256]
Event: 831.791 Thread 0x000001a91395a7d0 Exception <a 'java/lang/ClassNotFoundException'{0x000000008faa6d18}: org/gradle/api/tasks/diagnostics/ProjectBasedReportTaskCustomizer> (0x000000008faa6d18) 
thrown [t:\workspace\open\src\hotspot\share\classfile\systemDictionary.cpp, line 256]
Event: 831.793 Thread 0x000001a91395a7d0 Exception <a 'java/lang/ClassNotFoundException'{0x000000008fac3cd8}: com/android/build/gradle/internal/tasks/SourceSetsTaskCustomizer> (0x000000008fac3cd8) 
thrown [t:\workspace\open\src\hotspot\share\classfile\systemDictionary.cpp, line 256]
Event: 831.795 Thread 0x000001a91395a7d0 Exception <a 'java/lang/ClassNotFoundException'{0x000000008fae0a80}: com/android/build/gradle/internal/tasks/SourceSetsTask_DecoratedCustomizer> (0x000000008fae0a80) 
thrown [t:\workspace\open\src\hotspot\share\classfile\systemDictionary.cpp, line 256]
Event: 831.808 Thread 0x000001a91395a7d0 Exception <a 'java/lang/ClassNotFoundException'{0x000000008f966d58}: com/android/build/gradle/internal/tasks/StripDebugSymbolsTask_DecoratedBeanInfo> (0x000000008f966d58) 
thrown [t:\workspace\open\src\hotspot\share\classfile\systemDictionary.cpp, line 256]
Event: 831.809 Thread 0x000001a91395a7d0 Exception <a 'java/lang/ClassNotFoundException'{0x000000008f9759a8}: com/android/build/gradle/internal/tasks/StripDebugSymbolsTaskBeanInfo> (0x000000008f9759a8) 
thrown [t:\workspace\open\src\hotspot\share\classfile\systemDictionary.cpp, line 256]
Event: 831.810 Thread 0x000001a91395a7d0 Exception <a 'java/lang/ClassNotFoundException'{0x000000008f984630}: com/android/build/gradle/internal/tasks/StripDebugSymbolsTaskCustomizer> (0x000000008f984630) 
thrown [t:\workspace\open\src\hotspot\share\classfile\systemDictionary.cpp, line 256]
Event: 831.812 Thread 0x000001a91395a7d0 Exception <a 'java/lang/ClassNotFoundException'{0x000000008f9aae10}: com/android/build/gradle/internal/tasks/StripDebugSymbolsTask_DecoratedCustomizer> (0x000000008f9aae10) 
thrown [t:\workspace\open\src\hotspot\share\classfile\systemDictionary.cpp, line 256]
Event: 831.860 Thread 0x000001a91395a7d0 Exception <a 'java/lang/ClassNotFoundException'{0x000000008f841c78}: com/android/build/gradle/internal/tasks/LibraryAarJarsTask_DecoratedBeanInfo> (0x000000008f841c78) 
thrown [t:\workspace\open\src\hotspot\share\classfile\systemDictionary.cpp, line 256]
Event: 832.145 Thread 0x000001a91395a7d0 Exception <a 'java/lang/ClassNotFoundException'{0x000000008f8508a0}: com/android/build/gradle/internal/tasks/LibraryAarJarsTaskBeanInfo> (0x000000008f8508a0) 
thrown [t:\workspace\open\src\hotspot\share\classfile\systemDictionary.cpp, line 256]
Event: 832.147 Thread 0x000001a91395a7d0 Exception <a 'java/lang/ClassNotFoundException'{0x000000008f85f208}: com/android/build/gradle/internal/tasks/LibraryAarJarsTaskCustomizer> (0x000000008f85f208) 
thrown [t:\workspace\open\src\hotspot\share\classfile\systemDictionary.cpp, line 256]
Event: 832.157 Thread 0x000001a91395a7d0 Exception <a 'java/lang/ClassNotFoundException'{0x000000008f88a450}: com/android/build/gradle/internal/tasks/LibraryAarJarsTask_DecoratedCustomizer> (0x000000008f88a450) 
thrown [t:\workspace\open\src\hotspot\share\classfile\systemDictionary.cpp, line 256]
Event: 832.187 Thread 0x000001a91395a7d0 Exception <a 'java/lang/ClassNotFoundException'{0x000000008f724f48}: org/gradle/api/tasks/diagnostics/TaskReportTask_DecoratedBeanInfo> (0x000000008f724f48) 
thrown [t:\workspace\open\src\hotspot\share\classfile\systemDictionary.cpp, line 256]
Event: 832.189 Thread 0x000001a91395a7d0 Exception <a 'java/lang/ClassNotFoundException'{0x000000008f733478}: org/gradle/api/tasks/diagnostics/TaskReportTaskBeanInfo> (0x000000008f733478) 
thrown [t:\workspace\open\src\hotspot\share\classfile\systemDictionary.cpp, line 256]
Event: 832.190 Thread 0x000001a91395a7d0 Exception <a 'java/lang/ClassNotFoundException'{0x000000008f7419c8}: org/gradle/api/tasks/diagnostics/TaskReportTaskCustomizer> (0x000000008f7419c8) 
thrown [t:\workspace\open\src\hotspot\share\classfile\systemDictionary.cpp, line 256]
Event: 832.193 Thread 0x000001a91395a7d0 Exception <a 'java/lang/ClassNotFoundException'{0x000000008f769400}: org/gradle/api/tasks/diagnostics/TaskReportTask_DecoratedCustomizer> (0x000000008f769400) 
thrown [t:\workspace\open\src\hotspot\share\classfile\systemDictionary.cpp, line 256]

VM Operations (20 events):
Event: 824.524 Executing VM operation: Cleanup done
Event: 825.527 Executing VM operation: Cleanup
Event: 825.576 Executing VM operation: Cleanup done
Event: 826.586 Executing VM operation: Cleanup
Event: 826.603 Executing VM operation: Cleanup done
Event: 827.618 Executing VM operation: Cleanup
Event: 827.618 Executing VM operation: Cleanup done
Event: 828.714 Executing VM operation: HandshakeAllThreads
Event: 828.741 Executing VM operation: HandshakeAllThreads done
Event: 828.741 Executing VM operation: Cleanup
Event: 828.744 Executing VM operation: Cleanup done
Event: 829.748 Executing VM operation: Cleanup
Event: 829.749 Executing VM operation: Cleanup done
Event: 830.236 Executing VM operation: G1CollectForAllocation
Event: 830.269 Executing VM operation: G1CollectForAllocation done
Event: 831.276 Executing VM operation: Cleanup
Event: 831.493 Executing VM operation: Cleanup done
Event: 831.493 Executing VM operation: HandshakeAllThreads
Event: 831.631 Executing VM operation: HandshakeAllThreads done
Event: 832.314 Executing VM operation: G1Concurrent

Events (20 events):
Event: 819.265 loading class java/io/SerialCallbackContext done
Event: 819.739 loading class java/util/AbstractList$RandomAccessSubList
Event: 819.739 loading class java/util/AbstractList$SubList
Event: 819.740 loading class java/util/AbstractList$SubList done
Event: 819.740 loading class java/util/AbstractList$RandomAccessSubList done
Event: 819.740 loading class java/util/AbstractList$SubList$1
Event: 819.740 loading class java/util/AbstractList$SubList$1 done
Event: 822.425 loading class java/io/NotSerializableException
Event: 822.426 loading class java/io/NotSerializableException done
Event: 828.457 loading class java/security/cert/CertificateEncodingException
Event: 828.458 loading class java/security/cert/CertificateEncodingException done
Event: 828.775 Thread 0x000001a97eb9f9d0 flushing nmethod 0x000001a900688910
Event: 828.795 Thread 0x000001a97eb9f9d0 flushing nmethod 0x000001a900ff3490
Event: 828.797 Thread 0x000001a97eb9f9d0 flushing nmethod 0x000001a90111a410
Event: 828.797 Thread 0x000001a97eb9f9d0 flushing nmethod 0x000001a90111a790
Event: 828.846 Thread 0x000001a97eb9f9d0 flushing nmethod 0x000001a901759510
Event: 831.774 loading class java/security/NoSuchProviderException
Event: 831.776 loading class java/security/NoSuchProviderException done
Event: 831.776 loading class java/security/SignatureException
Event: 831.776 loading class java/security/SignatureException done


Dynamic libraries:
0x00007ff76bac0000 - 0x00007ff76bad0000 	C:\Program Files\Java\jdk-17.0.1\bin\java.exe
0x00007ffa3eb30000 - 0x00007ffa3ed28000 	C:\Windows\SYSTEM32\ntdll.dll
0x00007ffa3e0b0000 - 0x00007ffa3e172000 	C:\Windows\System32\KERNEL32.DLL
0x00007ffa3c370000 - 0x00007ffa3c66f000 	C:\Windows\System32\KERNELBASE.dll
0x00007ffa3c670000 - 0x00007ffa3c770000 	C:\Windows\System32\ucrtbase.dll
0x00007ffa363b0000 - 0x00007ffa363c8000 	C:\Program Files\Java\jdk-17.0.1\bin\jli.dll
0x00007ffa3e410000 - 0x00007ffa3e4bf000 	C:\Windows\System32\ADVAPI32.dll
0x00007ffa3cb50000 - 0x00007ffa3cbee000 	C:\Windows\System32\msvcrt.dll
0x00007ffa3d950000 - 0x00007ffa3d9ef000 	C:\Windows\System32\sechost.dll
0x00007ffa3e8a0000 - 0x00007ffa3e9c3000 	C:\Windows\System32\RPCRT4.dll
0x00007ffa3c280000 - 0x00007ffa3c2a7000 	C:\Windows\System32\bcrypt.dll
0x00007ffa3cbf0000 - 0x00007ffa3cd8d000 	C:\Windows\System32\USER32.dll
0x00007ffa3c2b0000 - 0x00007ffa3c2d2000 	C:\Windows\System32\win32u.dll
0x00007ffa3e9d0000 - 0x00007ffa3e9fb000 	C:\Windows\System32\GDI32.dll
0x00007ffa3c990000 - 0x00007ffa3caaa000 	C:\Windows\System32\gdi32full.dll
0x00007ffa3cab0000 - 0x00007ffa3cb4d000 	C:\Windows\System32\msvcp_win.dll
0x00007ffa362a0000 - 0x00007ffa362ba000 	C:\Program Files\Java\jdk-17.0.1\bin\VCRUNTIME140.dll
0x00007ffa2a880000 - 0x00007ffa2ab1a000 	C:\Windows\WinSxS\amd64_microsoft.windows.common-controls_6595b64144ccf1df_6.0.19041.4355_none_60b8b9eb71f62e16\COMCTL32.dll
0x00007ffa2b330000 - 0x00007ffa2b33a000 	C:\Windows\SYSTEM32\VERSION.dll
0x00007ffa3e5f0000 - 0x00007ffa3e61f000 	C:\Windows\System32\IMM32.DLL
0x00007ffa396e0000 - 0x00007ffa396ec000 	C:\Program Files\Java\jdk-17.0.1\bin\vcruntime140_1.dll
0x00007ffa32730000 - 0x00007ffa327bd000 	C:\Program Files\Java\jdk-17.0.1\bin\msvcp140.dll
0x00007ff9ed980000 - 0x00007ff9ee53e000 	C:\Program Files\Java\jdk-17.0.1\bin\server\jvm.dll
0x00007ffa3e1a0000 - 0x00007ffa3e1a8000 	C:\Windows\System32\PSAPI.DLL
0x00007ffa38f00000 - 0x00007ffa38f09000 	C:\Windows\SYSTEM32\WSOCK32.dll
0x00007ffa3e830000 - 0x00007ffa3e89b000 	C:\Windows\System32\WS2_32.dll
0x00007ffa2b300000 - 0x00007ffa2b327000 	C:\Windows\SYSTEM32\WINMM.dll
0x00007ffa3a0a0000 - 0x00007ffa3a0b2000 	C:\Windows\SYSTEM32\kernel.appcore.dll
0x00007ffa38ea0000 - 0x00007ffa38eaa000 	C:\Program Files\Java\jdk-17.0.1\bin\jimage.dll
0x00007ffa2acb0000 - 0x00007ffa2ae94000 	C:\Windows\SYSTEM32\DBGHELP.DLL
0x00007ffa2b600000 - 0x00007ffa2b634000 	C:\Windows\SYSTEM32\dbgcore.DLL
0x00007ffa3c2e0000 - 0x00007ffa3c362000 	C:\Windows\System32\bcryptPrimitives.dll
0x00007ffa32ec0000 - 0x00007ffa32ece000 	C:\Program Files\Java\jdk-17.0.1\bin\instrument.dll
0x00007ffa34400000 - 0x00007ffa34425000 	C:\Program Files\Java\jdk-17.0.1\bin\java.dll
0x00007ffa10e60000 - 0x00007ffa10f36000 	C:\Program Files\Java\jdk-17.0.1\bin\svml.dll
0x00007ffa3d1d0000 - 0x00007ffa3d93d000 	C:\Windows\System32\SHELL32.dll
0x00007ffa3a210000 - 0x00007ffa3a9b4000 	C:\Windows\SYSTEM32\windows.storage.dll
0x00007ffa3ce70000 - 0x00007ffa3d1c5000 	C:\Windows\System32\combase.dll
0x00007ffa3bb20000 - 0x00007ffa3bb4b000 	C:\Windows\SYSTEM32\Wldp.dll
0x00007ffa3e4c0000 - 0x00007ffa3e58d000 	C:\Windows\System32\OLEAUT32.dll
0x00007ffa3e360000 - 0x00007ffa3e40d000 	C:\Windows\System32\SHCORE.dll
0x00007ffa3ea00000 - 0x00007ffa3ea55000 	C:\Windows\System32\shlwapi.dll
0x00007ffa3c100000 - 0x00007ffa3c125000 	C:\Windows\SYSTEM32\profapi.dll
0x00007ffa33af0000 - 0x00007ffa33b08000 	C:\Program Files\Java\jdk-17.0.1\bin\zip.dll
0x00007ffa343c0000 - 0x00007ffa343d9000 	C:\Program Files\Java\jdk-17.0.1\bin\net.dll
0x00007ffa35c30000 - 0x00007ffa35d3a000 	C:\Windows\SYSTEM32\WINHTTP.dll
0x00007ffa3b900000 - 0x00007ffa3b96c000 	C:\Windows\system32\mswsock.dll
0x00007ffa33b10000 - 0x00007ffa33b25000 	C:\Program Files\Java\jdk-17.0.1\bin\nio.dll
0x00007ffa367b0000 - 0x00007ffa367c0000 	C:\Program Files\Java\jdk-17.0.1\bin\verify.dll
0x00007ffa05e40000 - 0x00007ffa05e67000 	C:\Users\creep\.gradle\native\c067742578af261105cb4f569cf0c3c89f3d7b1fecec35dd04571415982c5e48\windows-amd64\native-platform.dll
0x00007ff9fa4a0000 - 0x00007ff9fa5e4000 	C:\Users\creep\.gradle\native\100fb08df4bc3b14c8652ba06237920a3bd2aa13389f12d3474272988ae205f9\windows-amd64\native-platform-file-events.dll
0x00007ffa343b0000 - 0x00007ffa343b9000 	C:\Program Files\Java\jdk-17.0.1\bin\management.dll
0x00007ffa342d0000 - 0x00007ffa342db000 	C:\Program Files\Java\jdk-17.0.1\bin\management_ext.dll
0x00007ffa3beb0000 - 0x00007ffa3bec8000 	C:\Windows\SYSTEM32\CRYPTSP.dll
0x00007ffa3b1d0000 - 0x00007ffa3b208000 	C:\Windows\system32\rsaenh.dll
0x00007ffa3c080000 - 0x00007ffa3c0ae000 	C:\Windows\SYSTEM32\USERENV.dll
0x00007ffa3ba90000 - 0x00007ffa3ba9c000 	C:\Windows\SYSTEM32\CRYPTBASE.dll
0x00007ffa3b5b0000 - 0x00007ffa3b5eb000 	C:\Windows\SYSTEM32\IPHLPAPI.DLL
0x00007ffa3d940000 - 0x00007ffa3d948000 	C:\Windows\System32\NSI.dll
0x00007ffa36430000 - 0x00007ffa36447000 	C:\Windows\SYSTEM32\dhcpcsvc6.DLL
0x00007ffa36410000 - 0x00007ffa3642d000 	C:\Windows\SYSTEM32\dhcpcsvc.DLL
0x00007ffa3b5f0000 - 0x00007ffa3b6ba000 	C:\Windows\SYSTEM32\DNSAPI.dll
0x00007ffa32eb0000 - 0x00007ffa32ebe000 	C:\Program Files\Java\jdk-17.0.1\bin\sunmscapi.dll
0x00007ffa3c830000 - 0x00007ffa3c98c000 	C:\Windows\System32\CRYPT32.dll
0x00007ffa3bb90000 - 0x00007ffa3bbb7000 	C:\Windows\SYSTEM32\ncrypt.dll
0x00007ffa3bb50000 - 0x00007ffa3bb8b000 	C:\Windows\SYSTEM32\NTASN1.dll
0x00007ffa0f890000 - 0x00007ffa0f897000 	C:\Windows\system32\wshunix.dll
0x00007ffa27ba0000 - 0x00007ffa27bb7000 	C:\Windows\system32\napinsp.dll
0x00007ffa272e0000 - 0x00007ffa272fb000 	C:\Windows\system32\pnrpnsp.dll
0x00007ffa26fe0000 - 0x00007ffa26ff5000 	C:\Windows\system32\wshbth.dll
0x00007ffa37930000 - 0x00007ffa3794d000 	C:\Windows\system32\NLAapi.dll
0x00007ffa26fc0000 - 0x00007ffa26fd2000 	C:\Windows\System32\winrnr.dll
0x00007ffa2d9e0000 - 0x00007ffa2d9ea000 	C:\Windows\System32\rasadhlp.dll
0x00007ffa2e6c0000 - 0x00007ffa2e740000 	C:\Windows\System32\fwpuclnt.dll

dbghelp: loaded successfully - version: 4.0.5 - missing functions: none
symbol engine: initialized successfully - sym options: 0x614 - pdb path: .;C:\Program Files\Java\jdk-17.0.1\bin;C:\Windows\SYSTEM32;C:\Windows\WinSxS\amd64_microsoft.windows.common-controls_6595b64144ccf1df_6.0.19041.4355_none_60b8b9eb71f62e16;C:\Program Files\Java\jdk-17.0.1\bin\server;C:\Users\creep\.gradle\native\c067742578af261105cb4f569cf0c3c89f3d7b1fecec35dd04571415982c5e48\windows-amd64;C:\Users\creep\.gradle\native\100fb08df4bc3b14c8652ba06237920a3bd2aa13389f12d3474272988ae205f9\windows-amd64

VM Arguments:
jvm_args: -XX:MaxMetaspaceSize=512m --add-opens=java.base/java.util=ALL-UNNAMED --add-opens=java.base/java.lang=ALL-UNNAMED --add-opens=java.base/java.lang.invoke=ALL-UNNAMED --add-opens=java.prefs/java.util.prefs=ALL-UNNAMED --add-exports=jdk.compiler/com.sun.tools.javac.api=ALL-UNNAMED --add-exports=jdk.compiler/com.sun.tools.javac.util=ALL-UNNAMED --add-opens=java.base/java.nio.charset=ALL-UNNAMED --add-opens=java.base/java.net=ALL-UNNAMED --add-opens=java.base/java.util.concurrent.atomic=ALL-UNNAMED -Xmx2048m -Dfile.encoding=windows-1252 -Duser.country=US -Duser.language=en -Duser.variant -javaagent:C:\Users\creep\.gradle\wrapper\dists\gradle-8.10.2-all\7iv73wktx1xtkvlq19urqw1wm\gradle-8.10.2\lib\agents\gradle-instrumentation-agent-8.10.2.jar 
java_command: org.gradle.launcher.daemon.bootstrap.GradleDaemon 8.10.2
java_class_path (initial): C:\Users\creep\.gradle\wrapper\dists\gradle-8.10.2-all\7iv73wktx1xtkvlq19urqw1wm\gradle-8.10.2\lib\gradle-daemon-main-8.10.2.jar
Launcher Type: SUN_STANDARD

[Global flags]
     intx CICompilerCount                          = 3                                         {product} {ergonomic}
   size_t CompressedClassSpaceSize                 = 432013312                                 {product} {ergonomic}
     uint ConcGCThreads                            = 1                                         {product} {ergonomic}
     uint G1ConcRefinementThreads                  = 4                                         {product} {ergonomic}
   size_t G1HeapRegionSize                         = 1048576                                   {product} {ergonomic}
    uintx GCDrainStackTargetSize                   = 64                                        {product} {ergonomic}
   size_t InitialHeapSize                          = 134217728                                 {product} {ergonomic}
   size_t MarkStackSize                            = 4194304                                   {product} {ergonomic}
   size_t MaxHeapSize                              = 2147483648                                {product} {command line}
   size_t MaxMetaspaceSize                         = 536870912                                 {product} {command line}
   size_t MaxNewSize                               = 1287651328                                {product} {ergonomic}
   size_t MinHeapDeltaBytes                        = 1048576                                   {product} {ergonomic}
   size_t MinHeapSize                              = 8388608                                   {product} {ergonomic}
    uintx NonNMethodCodeHeapSize                   = 5832780                                {pd product} {ergonomic}
    uintx NonProfiledCodeHeapSize                  = 122912730                              {pd product} {ergonomic}
    uintx ProfiledCodeHeapSize                     = 122912730                              {pd product} {ergonomic}
    uintx ReservedCodeCacheSize                    = 251658240                              {pd product} {ergonomic}
     bool SegmentedCodeCache                       = true                                      {product} {ergonomic}
   size_t SoftMaxHeapSize                          = 2147483648                             {manageable} {ergonomic}
     bool UseCompressedClassPointers               = true                           {product lp64_product} {ergonomic}
     bool UseCompressedOops                        = true                           {product lp64_product} {ergonomic}
     bool UseG1GC                                  = true                                      {product} {ergonomic}
     bool UseLargePagesIndividualAllocation        = false                                  {pd product} {ergonomic}

Logging:
Log output configuration:
 #0: stdout all=warning uptime,level,tags
 #1: stderr all=off uptime,level,tags

Environment Variables:
JAVA_HOME=C:\Program Files\Java\jdk-17.0.1
CLASSPATH=D:\Mobile\React Native Projects\ToDoList\android\\gradle\wrapper\gradle-wrapper.jar
PATH=D:\Mobile\React Native Projects\ToDoList\node_modules\.bin;D:\Mobile\React Native Projects\ToDoList\node_modules\.bin;D:\Mobile\React Native Projects\node_modules\.bin;D:\Mobile\node_modules\.bin;D:\node_modules\.bin;C:\Users\creep\AppData\Roaming\npm\node_modules\npm\node_modules\@npmcli\run-script\lib\node-gyp-bin;C:\Users\creep\AppData\Local\Temp\yarn--1743756734442-0.9361055363064876;D:\Mobile\React Native Projects\ToDoList\node_modules\.bin;C:\Users\creep\AppData\Local\Yarn\Data\link\node_modules\.bin;C:\Users\creep\AppData\Local\Yarn\bin;C:\Program Files\libexec\lib\node_modules\npm\bin\node-gyp-bin;C:\Program Files\lib\node_modules\npm\bin\node-gyp-bin;C:\Program Files\nodejs\node_modules\npm\bin\node-gyp-bin;C:\Python313\Scripts\;C:\Python313\;C:\Windows\system32;C:\Windows;C:\Windows\System32\Wbem;C:\Windows\System32\WindowsPowerShell\v1.0\;C:\Windows\System32\OpenSSH\;D:\SQL\120\Tools\Binn\;D:\SQL\Client SDK\ODBC\110\Tools\Binn\;D:\SQL\120\DTS\Binn\;D:\SQL\150\Tools\Binn\;D:\SQL\Client SDK\ODBC\170\Tools\Binn\;C:\Program Files\Microsoft SQL Server\Client SDK\ODBC\110\Tools\Binn\;C:\Program Files\Git\cmd;C:\Program Files\dotnet\;C:\Program Files (x86)\Microsoft SQL Server\150\Tools\Binn\;C:\Program Files\Microsoft SQL Server\150\Tools\Binn\;C:\Program Files (x86)\Microsoft SQL Server\150\DTS\Binn\;C:\Program Files\Microsoft SQL Server\150\DTS\Binn\;C:\Program Files\Microsoft SQL Server\Client SDK\ODBC\170\Tools\Binn\;C:\Program Files (x86)\Microsoft SQL Server\160\DTS\Binn\;C:\Users\creep\AppData\Local\Android\Sdk\platform-tools;C:\Users\creep\AppData\Local\Android\Sdk\tools;C:\Users\creep\AppData\Roaming\npm;C:\Program Files\nodejs\;C:\ProgramData\chocolatey\bin;C:\Program Files\Java\jdk-17.0.1\bin;C:\Users\creep\AppData\Local\Android\Sdk\tools;C:\Users\creep\AppData\Local\Android\Sdk\tools;C:\Users\creep\AppData\Local\Microsoft\WindowsApps;D:\Microsoft VS Code\bin;C:\Windows\System32\Nmap;C:\Users\creep\.dotnet\tools;C:\Users\creep\AppData\Local\Android
USERNAME=creep
LANG=en_US.UTF-8
OS=Windows_NT
PROCESSOR_IDENTIFIER=Intel64 Family 6 Model 69 Stepping 1, GenuineIntel



---------------  S Y S T E M  ---------------

OS:
 Windows 10 , 64 bit Build 19041 (10.0.19041.5438)
OS uptime: 2 days 9:00 hours
Hyper-V role detected

CPU: total 4 (initial active 4) (2 cores per cpu, 2 threads per core) family 6 model 69 stepping 1 microcode 0x25, cx8, cmov, fxsr, ht, mmx, sse, sse2, sse3, ssse3, sse4.1, sse4.2, popcnt, lzcnt, tsc, tscinvbit, avx, avx2, aes, erms, clmul, bmi1, bmi2, fma, vzeroupper, clflush, hv

Memory: 4k page, system-wide physical 8097M (83M free)
TotalPageFile size 23360M (AvailPageFile size 7M)
current process WorkingSet (physical memory assigned to process): 415M, peak: 431M
current process commit charge ("private bytes"): 616M, peak: 674M

vm_info: Java HotSpot(TM) 64-Bit Server VM (17.0.1+12-LTS-39) for windows-amd64 JRE (17.0.1+12-LTS-39), built on Sep 27 2021 18:41:35 by "mach5one" with MS VC++ 16.8 (VS2019)

END.
